<?xml version="1.0" encoding="UTF-8"?>
<testsuite xmlns:xsi="http://www.w3.org/2001/XMLSchema-instance" xsi:noNamespaceSchemaLocation="https://maven.apache.org/surefire/maven-surefire-plugin/xsd/surefire-test-report.xsd" version="3.0.2" name="com.faculynk.RegistrationAndVerificationTests" time="2.841" tests="15" errors="0" skipped="0" failures="0">
  <properties>
[...]
</properties>
  <testcase name="testFacultyCannotListPending" classname="com.faculynk.RegistrationAndVerificationTests" time="0.032">
    <system-out><![CDATA[2026-08-13T01:18:04.214+05:30  INFO 9220 --- [faculynk-backend-test] [           main] t.c.s.AnnotationConfigContextLoaderUtils : Could not detect default configuration classes for test class [com.faculynk.RegistrationAndVerificationTests]: RegistrationAndVerificationTests does not declare any static, non-private, non-final, nested classes annotated with @Configuration.
2026-08-13T01:18:04.223+05:30  INFO 9220 --- [faculynk-backend-test] [           main] .b.t.c.SpringBootTestContextBootstrapper : Found @SpringBootConfiguration com.faculynk.FaculynkApplication for test class com.faculynk.RegistrationAndVerificationTests
Hibernate: 
    select
        u1_0.id,
        u1_0.account_status,
        u1_0.created_at,
        u1_0.email,
        u1_0.full_name,
        u1_0.institutional_id,
        u1_0.password_hash,
        u1_0.role_id,
        u1_0.updated_at 
    from
        users u1_0 
    where
        u1_0.id=?
Hibernate: 
    select
        fp1_0.id,
        fp1_0.avatar_url,
        fp1_0.created_at,
        fp1_0.department_id,
        fp1_0.designation,
        fp1_0.experience_years,
        fp1_0.max_workload_hours,
        fp1_0.office,
        fp1_0.phone,
        fp1_0.research_area,
        fp1_0.updated_at,
        fp1_0.user_id 
    from
        faculty_profiles fp1_0 
    where
        fp1_0.user_id=?
]]></system-out>
  </testcase>
  <testcase name="testHodCanRejectRequest" classname="com.faculynk.RegistrationAndVerificationTests" time="0.142">
    <system-out><![CDATA[Hibernate: 
    select
        frr1_0.id,
        frr1_0.availability,
        frr1_0.department_name,
        frr1_0.designation,
        frr1_0.email,
        frr1_0.full_name,
        frr1_0.hod_note,
        frr1_0.institutional_id,
        frr1_0.phone,
        frr1_0.reviewed_at,
        frr1_0.skills_json,
        frr1_0.status,
        frr1_0.submitted_at 
    from
        faculty_registration_requests frr1_0 
    where
        frr1_0.institutional_id=?
Hibernate: 
    select
        u1_0.id,
        u1_0.account_status,
        u1_0.created_at,
        u1_0.email,
        u1_0.full_name,
        u1_0.institutional_id,
        u1_0.password_hash,
        u1_0.role_id,
        u1_0.updated_at 
    from
        users u1_0 
    where
        u1_0.id=?
Hibernate: 
    select
        fp1_0.id,
        fp1_0.avatar_url,
        fp1_0.created_at,
        fp1_0.department_id,
        fp1_0.designation,
        fp1_0.experience_years,
        fp1_0.max_workload_hours,
        fp1_0.office,
        fp1_0.phone,
        fp1_0.research_area,
        fp1_0.updated_at,
        fp1_0.user_id 
    from
        faculty_profiles fp1_0 
    where
        fp1_0.user_id=?
Hibernate: 
    select
        frr1_0.id,
        frr1_0.availability,
        frr1_0.department_name,
        frr1_0.designation,
        frr1_0.email,
        frr1_0.full_name,
        frr1_0.hod_note,
        frr1_0.institutional_id,
        frr1_0.phone,
        frr1_0.reviewed_at,
        frr1_0.skills_json,
        frr1_0.status,
        frr1_0.submitted_at 
    from
        faculty_registration_requests frr1_0 
    where
        frr1_0.id=? for update
Hibernate: 
    select
        u1_0.id,
        u1_0.account_status,
        u1_0.created_at,
        u1_0.email,
        u1_0.full_name,
        u1_0.institutional_id,
        u1_0.password_hash,
        u1_0.role_id,
        u1_0.updated_at 
    from
        users u1_0 
    where
        u1_0.institutional_id=?
]]></system-out>
  </testcase>
  <testcase name="testValidRegistration" classname="com.faculynk.RegistrationAndVerificationTests" time="0.111">
    <system-out><![CDATA[Hibernate: 
    select
        d1_0.id,
        d1_0.code,
        d1_0.created_at,
        d1_0.name 
    from
        departments d1_0 
    where
        d1_0.code=?
Hibernate: 
    select
        u1_0.id,
        u1_0.account_status,
        u1_0.created_at,
        u1_0.email,
        u1_0.full_name,
        u1_0.institutional_id,
        u1_0.password_hash,
        u1_0.role_id,
        u1_0.updated_at 
    from
        users u1_0 
    where
        u1_0.institutional_id=?
Hibernate: 
    select
        frr1_0.id 
    from
        faculty_registration_requests frr1_0 
    where
        frr1_0.institutional_id=? 
        and frr1_0.status in (?) 
    limit
        ?
Hibernate: 
    select
        frr1_0.id 
    from
        faculty_registration_requests frr1_0 
    where
        frr1_0.email=? 
        and frr1_0.status in (?) 
    limit
        ?
Hibernate: 
    insert 
    into
        faculty_registration_requests
        (availability, department_name, designation, email, full_name, hod_note, institutional_id, phone, reviewed_at, skills_json, status, submitted_at, id) 
    values
        (?, ?, ?, ?, ?, ?, ?, ?, ?, ?, ?, ?, ?)
Hibernate: 
    select
        frr1_0.id,
        frr1_0.availability,
        frr1_0.department_name,
        frr1_0.designation,
        frr1_0.email,
        frr1_0.full_name,
        frr1_0.hod_note,
        frr1_0.institutional_id,
        frr1_0.phone,
        frr1_0.reviewed_at,
        frr1_0.skills_json,
        frr1_0.status,
        frr1_0.submitted_at 
    from
        faculty_registration_requests frr1_0 
    where
        frr1_0.institutional_id=?
]]></system-out>
  </testcase>
  <testcase name="testInvalidDepartmentRejected" classname="com.faculynk.RegistrationAndVerificationTests" time="0.033">
    <system-out><![CDATA[Hibernate: 
    select
        d1_0.id,
        d1_0.code,
        d1_0.created_at,
        d1_0.name 
    from
        departments d1_0 
    where
        d1_0.code=?
Hibernate: 
    select
        d1_0.id,
        d1_0.code,
        d1_0.created_at,
        d1_0.name 
    from
        departments d1_0 
    where
        d1_0.name=?
]]></system-out>
  </testcase>
  <testcase name="testPendingRegistrationCannotLogin" classname="com.faculynk.RegistrationAndVerificationTests" time="0.037">
    <system-out><![CDATA[Hibernate: 
    select
        u1_0.id,
        u1_0.account_status,
        u1_0.created_at,
        u1_0.email,
        u1_0.full_name,
        u1_0.institutional_id,
        u1_0.password_hash,
        u1_0.role_id,
        u1_0.updated_at 
    from
        users u1_0 
    where
        u1_0.institutional_id=?
Hibernate: 
    select
        u1_0.id,
        u1_0.account_status,
        u1_0.created_at,
        u1_0.email,
        u1_0.full_name,
        u1_0.institutional_id,
        u1_0.password_hash,
        u1_0.role_id,
        u1_0.updated_at 
    from
        users u1_0 
    where
        u1_0.email=?
]]></system-out>
  </testcase>
  <testcase name="testApprovedFacultyCanLogin" classname="com.faculynk.RegistrationAndVerificationTests" time="1.0">
    <system-out><![CDATA[Hibernate: 
    select
        frr1_0.id,
        frr1_0.availability,
        frr1_0.department_name,
        frr1_0.designation,
        frr1_0.email,
        frr1_0.full_name,
        frr1_0.hod_note,
        frr1_0.institutional_id,
        frr1_0.phone,
        frr1_0.reviewed_at,
        frr1_0.skills_json,
        frr1_0.status,
        frr1_0.submitted_at 
    from
        faculty_registration_requests frr1_0 
    where
        frr1_0.institutional_id=?
Hibernate: 
    select
        u1_0.id,
        u1_0.account_status,
        u1_0.created_at,
        u1_0.email,
        u1_0.full_name,
        u1_0.institutional_id,
        u1_0.password_hash,
        u1_0.role_id,
        u1_0.updated_at 
    from
        users u1_0 
    where
        u1_0.id=?
Hibernate: 
    select
        fp1_0.id,
        fp1_0.avatar_url,
        fp1_0.created_at,
        fp1_0.department_id,
        fp1_0.designation,
        fp1_0.experience_years,
        fp1_0.max_workload_hours,
        fp1_0.office,
        fp1_0.phone,
        fp1_0.research_area,
        fp1_0.updated_at,
        fp1_0.user_id 
    from
        faculty_profiles fp1_0 
    where
        fp1_0.user_id=?
Hibernate: 
    select
        frr1_0.id,
        frr1_0.availability,
        frr1_0.department_name,
        frr1_0.designation,
        frr1_0.email,
        frr1_0.full_name,
        frr1_0.hod_note,
        frr1_0.institutional_id,
        frr1_0.phone,
        frr1_0.reviewed_at,
        frr1_0.skills_json,
        frr1_0.status,
        frr1_0.submitted_at 
    from
        faculty_registration_requests frr1_0 
    where
        frr1_0.id=? for update
Hibernate: 
    select
        u1_0.id,
        u1_0.account_status,
        u1_0.created_at,
        u1_0.email,
        u1_0.full_name,
        u1_0.institutional_id,
        u1_0.password_hash,
        u1_0.role_id,
        u1_0.updated_at 
    from
        users u1_0 
    where
        u1_0.institutional_id=?
Hibernate: 
    select
        d1_0.id,
        d1_0.code,
        d1_0.created_at,
        d1_0.name 
    from
        departments d1_0 
    where
        d1_0.code=?
Hibernate: 
    select
        d1_0.id,
        d1_0.code,
        d1_0.created_at,
        d1_0.name 
    from
        departments d1_0 
    where
        d1_0.name=?
Hibernate: 
    select
        r1_0.id,
        r1_0.description 
    from
        roles r1_0 
    where
        r1_0.id=?
Hibernate: 
    select
        s1_0.id,
        s1_0.name 
    from
        skills s1_0 
    where
        s1_0.name=?
Hibernate: 
    select
        s1_0.id,
        s1_0.name 
    from
        skills s1_0 
    where
        s1_0.name=?
Hibernate: 
    select
        s1_0.id,
        s1_0.name 
    from
        skills s1_0 
    where
        s1_0.name=?
Hibernate: 
    insert 
    into
        users
        (account_status, created_at, email, full_name, institutional_id, password_hash, role_id, updated_at, id) 
    values
        (?, ?, ?, ?, ?, ?, ?, ?, ?)
Hibernate: 
    insert 
    into
        faculty_profiles
        (avatar_url, created_at, department_id, designation, experience_years, max_workload_hours, office, phone, research_area, updated_at, user_id, id) 
    values
        (?, ?, ?, ?, ?, ?, ?, ?, ?, ?, ?, ?)
Hibernate: 
    insert 
    into
        audit_logs
        (action, created_at, details, entity_id, entity_type, performed_by, id) 
    values
        (?, ?, ?, ?, ?, ?, ?)
Hibernate: 
    update
        faculty_registration_requests 
    set
        availability=?,
        department_name=?,
        designation=?,
        email=?,
        full_name=?,
        hod_note=?,
        institutional_id=?,
        phone=?,
        reviewed_at=?,
        skills_json=?,
        status=? 
    where
        id=?
Hibernate: 
    insert 
    into
        faculty_skills
        (faculty_id, skill_id) 
    values
        (?, ?)
Hibernate: 
    insert 
    into
        faculty_skills
        (faculty_id, skill_id) 
    values
        (?, ?)
Hibernate: 
    insert 
    into
        faculty_skills
        (faculty_id, skill_id) 
    values
        (?, ?)
Hibernate: 
    select
        u1_0.id,
        u1_0.account_status,
        u1_0.created_at,
        u1_0.email,
        u1_0.full_name,
        u1_0.institutional_id,
        u1_0.password_hash,
        u1_0.role_id,
        u1_0.updated_at 
    from
        users u1_0 
    where
        u1_0.institutional_id=?
Hibernate: 
    select
        fp1_0.id,
        fp1_0.avatar_url,
        fp1_0.created_at,
        fp1_0.department_id,
        fp1_0.designation,
        fp1_0.experience_years,
        fp1_0.max_workload_hours,
        fp1_0.office,
        fp1_0.phone,
        fp1_0.research_area,
        fp1_0.updated_at,
        fp1_0.user_id 
    from
        faculty_profiles fp1_0 
    join
        users u1_0 
            on u1_0.id=fp1_0.user_id 
    where
        u1_0.id=?
]]></system-out>
  </testcase>
  <testcase name="testApprovalIsAtomicOnFailure" classname="com.faculynk.RegistrationAndVerificationTests" time="0.024">
    <system-out><![CDATA[Hibernate: 
    select
        u1_0.id,
        u1_0.account_status,
        u1_0.created_at,
        u1_0.email,
        u1_0.full_name,
        u1_0.institutional_id,
        u1_0.password_hash,
        u1_0.role_id,
        u1_0.updated_at 
    from
        users u1_0 
    where
        u1_0.id=?
Hibernate: 
    select
        fp1_0.id,
        fp1_0.avatar_url,
        fp1_0.created_at,
        fp1_0.department_id,
        fp1_0.designation,
        fp1_0.experience_years,
        fp1_0.max_workload_hours,
        fp1_0.office,
        fp1_0.phone,
        fp1_0.research_area,
        fp1_0.updated_at,
        fp1_0.user_id 
    from
        faculty_profiles fp1_0 
    where
        fp1_0.user_id=?
Hibernate: 
    insert 
    into
        faculty_registration_requests
        (availability, department_name, designation, email, full_name, hod_note, institutional_id, phone, reviewed_at, skills_json, status, submitted_at, id) 
    values
        (?, ?, ?, ?, ?, ?, ?, ?, ?, ?, ?, ?, ?)
Hibernate: 
    select
        frr1_0.id,
        frr1_0.availability,
        frr1_0.department_name,
        frr1_0.designation,
        frr1_0.email,
        frr1_0.full_name,
        frr1_0.hod_note,
        frr1_0.institutional_id,
        frr1_0.phone,
        frr1_0.reviewed_at,
        frr1_0.skills_json,
        frr1_0.status,
        frr1_0.submitted_at 
    from
        faculty_registration_requests frr1_0 
    where
        frr1_0.id=? for update
Hibernate: 
    select
        u1_0.id,
        u1_0.account_status,
        u1_0.created_at,
        u1_0.email,
        u1_0.full_name,
        u1_0.institutional_id,
        u1_0.password_hash,
        u1_0.role_id,
        u1_0.updated_at 
    from
        users u1_0 
    where
        u1_0.institutional_id=?
Hibernate: 
    select
        d1_0.id,
        d1_0.code,
        d1_0.created_at,
        d1_0.name 
    from
        departments d1_0 
    where
        d1_0.code=?
Hibernate: 
    select
        d1_0.id,
        d1_0.code,
        d1_0.created_at,
        d1_0.name 
    from
        departments d1_0 
    where
        d1_0.name=?
Hibernate: 
    select
        u1_0.id,
        u1_0.account_status,
        u1_0.created_at,
        u1_0.email,
        u1_0.full_name,
        u1_0.institutional_id,
        u1_0.password_hash,
        u1_0.role_id,
        u1_0.updated_at 
    from
        users u1_0 
    where
        u1_0.institutional_id=?
]]></system-out>
  </testcase>
  <testcase name="testDuplicateOpenRegistrationRejected" classname="com.faculynk.RegistrationAndVerificationTests" time="0.023">
    <system-out><![CDATA[Hibernate: 
    select
        d1_0.id,
        d1_0.code,
        d1_0.created_at,
        d1_0.name 
    from
        departments d1_0 
    where
        d1_0.code=?
Hibernate: 
    select
        u1_0.id,
        u1_0.account_status,
        u1_0.created_at,
        u1_0.email,
        u1_0.full_name,
        u1_0.institutional_id,
        u1_0.password_hash,
        u1_0.role_id,
        u1_0.updated_at 
    from
        users u1_0 
    where
        u1_0.institutional_id=?
Hibernate: 
    select
        frr1_0.id 
    from
        faculty_registration_requests frr1_0 
    where
        frr1_0.institutional_id=? 
        and frr1_0.status in (?) 
    limit
        ?
]]></system-out>
  </testcase>
  <testcase name="testHodApprovePending" classname="com.faculynk.RegistrationAndVerificationTests" time="0.402">
    <system-out><![CDATA[Hibernate: 
    select
        frr1_0.id,
        frr1_0.availability,
        frr1_0.department_name,
        frr1_0.designation,
        frr1_0.email,
        frr1_0.full_name,
        frr1_0.hod_note,
        frr1_0.institutional_id,
        frr1_0.phone,
        frr1_0.reviewed_at,
        frr1_0.skills_json,
        frr1_0.status,
        frr1_0.submitted_at 
    from
        faculty_registration_requests frr1_0 
    where
        frr1_0.institutional_id=?
Hibernate: 
    select
        u1_0.id,
        u1_0.account_status,
        u1_0.created_at,
        u1_0.email,
        u1_0.full_name,
        u1_0.institutional_id,
        u1_0.password_hash,
        u1_0.role_id,
        u1_0.updated_at 
    from
        users u1_0 
    where
        u1_0.id=?
Hibernate: 
    select
        fp1_0.id,
        fp1_0.avatar_url,
        fp1_0.created_at,
        fp1_0.department_id,
        fp1_0.designation,
        fp1_0.experience_years,
        fp1_0.max_workload_hours,
        fp1_0.office,
        fp1_0.phone,
        fp1_0.research_area,
        fp1_0.updated_at,
        fp1_0.user_id 
    from
        faculty_profiles fp1_0 
    where
        fp1_0.user_id=?
Hibernate: 
    select
        frr1_0.id,
        frr1_0.availability,
        frr1_0.department_name,
        frr1_0.designation,
        frr1_0.email,
        frr1_0.full_name,
        frr1_0.hod_note,
        frr1_0.institutional_id,
        frr1_0.phone,
        frr1_0.reviewed_at,
        frr1_0.skills_json,
        frr1_0.status,
        frr1_0.submitted_at 
    from
        faculty_registration_requests frr1_0 
    where
        frr1_0.id=? for update
Hibernate: 
    select
        u1_0.id,
        u1_0.account_status,
        u1_0.created_at,
        u1_0.email,
        u1_0.full_name,
        u1_0.institutional_id,
        u1_0.password_hash,
        u1_0.role_id,
        u1_0.updated_at 
    from
        users u1_0 
    where
        u1_0.institutional_id=?
Hibernate: 
    select
        d1_0.id,
        d1_0.code,
        d1_0.created_at,
        d1_0.name 
    from
        departments d1_0 
    where
        d1_0.code=?
Hibernate: 
    select
        d1_0.id,
        d1_0.code,
        d1_0.created_at,
        d1_0.name 
    from
        departments d1_0 
    where
        d1_0.name=?
Hibernate: 
    select
        r1_0.id,
        r1_0.description 
    from
        roles r1_0 
    where
        r1_0.id=?
Hibernate: 
    select
        s1_0.id,
        s1_0.name 
    from
        skills s1_0 
    where
        s1_0.name=?
Hibernate: 
    select
        s1_0.id,
        s1_0.name 
    from
        skills s1_0 
    where
        s1_0.name=?
Hibernate: 
    select
        s1_0.id,
        s1_0.name 
    from
        skills s1_0 
    where
        s1_0.name=?
]]></system-out>
  </testcase>
  <testcase name="testRejectedRequestCannotBeApproved" classname="com.faculynk.RegistrationAndVerificationTests" time="0.021">
    <system-out><![CDATA[Hibernate: 
    select
        frr1_0.id,
        frr1_0.availability,
        frr1_0.department_name,
        frr1_0.designation,
        frr1_0.email,
        frr1_0.full_name,
        frr1_0.hod_note,
        frr1_0.institutional_id,
        frr1_0.phone,
        frr1_0.reviewed_at,
        frr1_0.skills_json,
        frr1_0.status,
        frr1_0.submitted_at 
    from
        faculty_registration_requests frr1_0 
    where
        frr1_0.institutional_id=?
Hibernate: 
    select
        u1_0.id,
        u1_0.account_status,
        u1_0.created_at,
        u1_0.email,
        u1_0.full_name,
        u1_0.institutional_id,
        u1_0.password_hash,
        u1_0.role_id,
        u1_0.updated_at 
    from
        users u1_0 
    where
        u1_0.id=?
Hibernate: 
    select
        fp1_0.id,
        fp1_0.avatar_url,
        fp1_0.created_at,
        fp1_0.department_id,
        fp1_0.designation,
        fp1_0.experience_years,
        fp1_0.max_workload_hours,
        fp1_0.office,
        fp1_0.phone,
        fp1_0.research_area,
        fp1_0.updated_at,
        fp1_0.user_id 
    from
        faculty_profiles fp1_0 
    where
        fp1_0.user_id=?
Hibernate: 
    select
        frr1_0.id,
        frr1_0.availability,
        frr1_0.department_name,
        frr1_0.designation,
        frr1_0.email,
        frr1_0.full_name,
        frr1_0.hod_note,
        frr1_0.institutional_id,
        frr1_0.phone,
        frr1_0.reviewed_at,
        frr1_0.skills_json,
        frr1_0.status,
        frr1_0.submitted_at 
    from
        faculty_registration_requests frr1_0 
    where
        frr1_0.id=? for update
Hibernate: 
    insert 
    into
        audit_logs
        (action, created_at, details, entity_id, entity_type, performed_by, id) 
    values
        (?, ?, ?, ?, ?, ?, ?)
Hibernate: 
    update
        faculty_registration_requests 
    set
        availability=?,
        department_name=?,
        designation=?,
        email=?,
        full_name=?,
        hod_note=?,
        institutional_id=?,
        phone=?,
        reviewed_at=?,
        skills_json=?,
        status=? 
    where
        id=?
Hibernate: 
    select
        frr1_0.id,
        frr1_0.availability,
        frr1_0.department_name,
        frr1_0.designation,
        frr1_0.email,
        frr1_0.full_name,
        frr1_0.hod_note,
        frr1_0.institutional_id,
        frr1_0.phone,
        frr1_0.reviewed_at,
        frr1_0.skills_json,
        frr1_0.status,
        frr1_0.submitted_at 
    from
        faculty_registration_requests frr1_0 
    where
        frr1_0.id=? for update
]]></system-out>
  </testcase>
  <testcase name="testExistingActiveIdRejected" classname="com.faculynk.RegistrationAndVerificationTests" time="0.02">
    <system-out><![CDATA[Hibernate: 
    select
        d1_0.id,
        d1_0.code,
        d1_0.created_at,
        d1_0.name 
    from
        departments d1_0 
    where
        d1_0.code=?
Hibernate: 
    select
        u1_0.id,
        u1_0.account_status,
        u1_0.created_at,
        u1_0.email,
        u1_0.full_name,
        u1_0.institutional_id,
        u1_0.password_hash,
        u1_0.role_id,
        u1_0.updated_at 
    from
        users u1_0 
    where
        u1_0.institutional_id=?
Hibernate: 
    select
        fp1_0.id,
        fp1_0.avatar_url,
        fp1_0.created_at,
        fp1_0.department_id,
        fp1_0.designation,
        fp1_0.experience_years,
        fp1_0.max_workload_hours,
        fp1_0.office,
        fp1_0.phone,
        fp1_0.research_area,
        fp1_0.updated_at,
        fp1_0.user_id 
    from
        faculty_profiles fp1_0 
    where
        fp1_0.user_id=?
]]></system-out>
  </testcase>
  <testcase name="testHodCanListPending" classname="com.faculynk.RegistrationAndVerificationTests" time="0.021">
    <system-out><![CDATA[Hibernate: 
    select
        u1_0.id,
        u1_0.account_status,
        u1_0.created_at,
        u1_0.email,
        u1_0.full_name,
        u1_0.institutional_id,
        u1_0.password_hash,
        u1_0.role_id,
        u1_0.updated_at 
    from
        users u1_0 
    where
        u1_0.id=?
Hibernate: 
    select
        fp1_0.id,
        fp1_0.avatar_url,
        fp1_0.created_at,
        fp1_0.department_id,
        fp1_0.designation,
        fp1_0.experience_years,
        fp1_0.max_workload_hours,
        fp1_0.office,
        fp1_0.phone,
        fp1_0.research_area,
        fp1_0.updated_at,
        fp1_0.user_id 
    from
        faculty_profiles fp1_0 
    where
        fp1_0.user_id=?
Hibernate: 
    select
        frr1_0.id,
        frr1_0.availability,
        frr1_0.department_name,
        frr1_0.designation,
        frr1_0.email,
        frr1_0.full_name,
        frr1_0.hod_note,
        frr1_0.institutional_id,
        frr1_0.phone,
        frr1_0.reviewed_at,
        frr1_0.skills_json,
        frr1_0.status,
        frr1_0.submitted_at 
    from
        faculty_registration_requests frr1_0 
    where
        frr1_0.status=?
]]></system-out>
  </testcase>
  <testcase name="testInvalidDesignationRejected" classname="com.faculynk.RegistrationAndVerificationTests" time="0.014"/>
  <testcase name="testDuplicateConcurrentApprovals" classname="com.faculynk.RegistrationAndVerificationTests" time="0.422">
    <system-out><![CDATA[Hibernate: 
    insert 
    into
        faculty_registration_requests
        (availability, department_name, designation, email, full_name, hod_note, institutional_id, phone, reviewed_at, skills_json, status, submitted_at, id) 
    values
        (?, ?, ?, ?, ?, ?, ?, ?, ?, ?, ?, ?, ?)
Hibernate: 
    select
        u1_0.id,
        u1_0.account_status,
        u1_0.created_at,
        u1_0.email,
        u1_0.full_name,
        u1_0.institutional_id,
        u1_0.password_hash,
        u1_0.role_id,
        u1_0.updated_at 
    from
        users u1_0 
    where
        u1_0.id=?
Hibernate: 
    select
        fp1_0.id,
        fp1_0.avatar_url,
        fp1_0.created_at,
        fp1_0.department_id,
        fp1_0.designation,
        fp1_0.experience_years,
        fp1_0.max_workload_hours,
        fp1_0.office,
        fp1_0.phone,
        fp1_0.research_area,
        fp1_0.updated_at,
        fp1_0.user_id 
    from
        faculty_profiles fp1_0 
    where
        fp1_0.user_id=?
Hibernate: 
    select
        u1_0.id,
        u1_0.account_status,
        u1_0.created_at,
        u1_0.email,
        u1_0.full_name,
        u1_0.institutional_id,
        u1_0.password_hash,
        u1_0.role_id,
        u1_0.updated_at 
    from
        users u1_0 
    where
        u1_0.id=?
Hibernate: 
    select
        frr1_0.id,
        frr1_0.availability,
        frr1_0.department_name,
        frr1_0.designation,
        frr1_0.email,
        frr1_0.full_name,
        frr1_0.hod_note,
        frr1_0.institutional_id,
        frr1_0.phone,
        frr1_0.reviewed_at,
        frr1_0.skills_json,
        frr1_0.status,
        frr1_0.submitted_at 
    from
        faculty_registration_requests frr1_0 
    where
        frr1_0.id=? for update
Hibernate: 
    select
        fp1_0.id,
        fp1_0.avatar_url,
        fp1_0.created_at,
        fp1_0.department_id,
        fp1_0.designation,
        fp1_0.experience_years,
        fp1_0.max_workload_hours,
        fp1_0.office,
        fp1_0.phone,
        fp1_0.research_area,
        fp1_0.updated_at,
        fp1_0.user_id 
    from
        faculty_profiles fp1_0 
    where
        fp1_0.user_id=?
Hibernate: 
    select
        u1_0.id,
        u1_0.account_status,
        u1_0.created_at,
        u1_0.email,
        u1_0.full_name,
        u1_0.institutional_id,
        u1_0.password_hash,
        u1_0.role_id,
        u1_0.updated_at 
    from
        users u1_0 
    where
        u1_0.institutional_id=?
Hibernate: 
    select
        frr1_0.id,
        frr1_0.availability,
        frr1_0.department_name,
        frr1_0.designation,
        frr1_0.email,
        frr1_0.full_name,
        frr1_0.hod_note,
        frr1_0.institutional_id,
        frr1_0.phone,
        frr1_0.reviewed_at,
        frr1_0.skills_json,
        frr1_0.status,
        frr1_0.submitted_at 
    from
        faculty_registration_requests frr1_0 
    where
        frr1_0.id=? for update
Hibernate: 
    select
        d1_0.id,
        d1_0.code,
        d1_0.created_at,
        d1_0.name 
    from
        departments d1_0 
    where
        d1_0.code=?
Hibernate: 
    select
        r1_0.id,
        r1_0.description 
    from
        roles r1_0 
    where
        r1_0.id=?
Hibernate: 
    select
        s1_0.id,
        s1_0.name 
    from
        skills s1_0 
    where
        s1_0.name=?
Hibernate: 
    insert 
    into
        users
        (account_status, created_at, email, full_name, institutional_id, password_hash, role_id, updated_at, id) 
    values
        (?, ?, ?, ?, ?, ?, ?, ?, ?)
Hibernate: 
    insert 
    into
        faculty_profiles
        (avatar_url, created_at, department_id, designation, experience_years, max_workload_hours, office, phone, research_area, updated_at, user_id, id) 
    values
        (?, ?, ?, ?, ?, ?, ?, ?, ?, ?, ?, ?)
Hibernate: 
    insert 
    into
        audit_logs
        (action, created_at, details, entity_id, entity_type, performed_by, id) 
    values
        (?, ?, ?, ?, ?, ?, ?)
Hibernate: 
    update
        faculty_registration_requests 
    set
        availability=?,
        department_name=?,
        designation=?,
        email=?,
        full_name=?,
        hod_note=?,
        institutional_id=?,
        phone=?,
        reviewed_at=?,
        skills_json=?,
        status=? 
    where
        id=?
Hibernate: 
    insert 
    into
        faculty_skills
        (faculty_id, skill_id) 
    values
        (?, ?)
CONCURRENCY TEST EXCEPTION: java.lang.RuntimeException - com.faculynk.exception.RegistrationNotPendingException: Registration request is not in PENDING status: APPROVED
CONCURRENCY TEST EXCEPTION CAUSE: com.faculynk.exception.RegistrationNotPendingException - Registration request is not in PENDING status: APPROVED
Hibernate: 
    select
        u1_0.id,
        u1_0.account_status,
        u1_0.created_at,
        u1_0.email,
        u1_0.full_name,
        u1_0.institutional_id,
        u1_0.password_hash,
        u1_0.role_id,
        u1_0.updated_at 
    from
        users u1_0 
    where
        u1_0.institutional_id=?
Hibernate: 
    select
        fp1_0.id,
        fp1_0.avatar_url,
        fp1_0.created_at,
        fp1_0.department_id,
        fp1_0.designation,
        fp1_0.experience_years,
        fp1_0.max_workload_hours,
        fp1_0.office,
        fp1_0.phone,
        fp1_0.research_area,
        fp1_0.updated_at,
        fp1_0.user_id 
    from
        faculty_profiles fp1_0 
    where
        fp1_0.user_id=?
Hibernate: 
    select
        u1_0.id,
        u1_0.account_status,
        u1_0.created_at,
        u1_0.email,
        u1_0.full_name,
        u1_0.institutional_id,
        u1_0.password_hash,
        u1_0.role_id,
        u1_0.updated_at 
    from
        users u1_0 
    where
        u1_0.institutional_id=?
Hibernate: 
    select
        fp1_0.id,
        fp1_0.avatar_url,
        fp1_0.created_at,
        fp1_0.department_id,
        fp1_0.designation,
        fp1_0.experience_years,
        fp1_0.max_workload_hours,
        fp1_0.office,
        fp1_0.phone,
        fp1_0.research_area,
        fp1_0.updated_at,
        fp1_0.user_id 
    from
        faculty_profiles fp1_0 
    where
        fp1_0.user_id=?
Hibernate: 
    select
        fp1_0.id,
        fp1_0.avatar_url,
        fp1_0.created_at,
        fp1_0.department_id,
        fp1_0.designation,
        fp1_0.experience_years,
        fp1_0.max_workload_hours,
        fp1_0.office,
        fp1_0.phone,
        fp1_0.research_area,
        fp1_0.updated_at,
        fp1_0.user_id 
    from
        faculty_profiles fp1_0 
    join
        users u1_0 
            on u1_0.id=fp1_0.user_id 
    where
        u1_0.id=?
Hibernate: 
    select
        i1_0.faculty_id,
        i1_0.interest 
    from
        faculty_interests i1_0 
    where
        i1_0.faculty_id=?
Hibernate: 
    select
        u1_0.id,
        u1_0.account_status,
        u1_0.created_at,
        u1_0.email,
        u1_0.full_name,
        u1_0.institutional_id,
        u1_0.password_hash,
        u1_0.role_id,
        u1_0.updated_at 
    from
        users u1_0 
    where
        u1_0.institutional_id=?
Hibernate: 
    select
        frr1_0.id,
        frr1_0.availability,
        frr1_0.department_name,
        frr1_0.designation,
        frr1_0.email,
        frr1_0.full_name,
        frr1_0.hod_note,
        frr1_0.institutional_id,
        frr1_0.phone,
        frr1_0.reviewed_at,
        frr1_0.skills_json,
        frr1_0.status,
        frr1_0.submitted_at 
    from
        faculty_registration_requests frr1_0 
    where
        frr1_0.id=?
Hibernate: 
    delete 
    from
        faculty_skills 
    where
        faculty_id=?
Hibernate: 
    delete 
    from
        faculty_profiles 
    where
        id=?
Hibernate: 
    delete 
    from
        users 
    where
        id=?
Hibernate: 
    delete 
    from
        faculty_registration_requests 
    where
        id=?
]]></system-out>
  </testcase>
  <testcase name="testApprovalDetailsAndPersistence" classname="com.faculynk.RegistrationAndVerificationTests" time="0.482">
    <system-out><![CDATA[Hibernate: 
    select
        frr1_0.id,
        frr1_0.availability,
        frr1_0.department_name,
        frr1_0.designation,
        frr1_0.email,
        frr1_0.full_name,
        frr1_0.hod_note,
        frr1_0.institutional_id,
        frr1_0.phone,
        frr1_0.reviewed_at,
        frr1_0.skills_json,
        frr1_0.status,
        frr1_0.submitted_at 
    from
        faculty_registration_requests frr1_0 
    where
        frr1_0.institutional_id=?
Hibernate: 
    select
        u1_0.id,
        u1_0.account_status,
        u1_0.created_at,
        u1_0.email,
        u1_0.full_name,
        u1_0.institutional_id,
        u1_0.password_hash,
        u1_0.role_id,
        u1_0.updated_at 
    from
        users u1_0 
    where
        u1_0.id=?
Hibernate: 
    select
        fp1_0.id,
        fp1_0.avatar_url,
        fp1_0.created_at,
        fp1_0.department_id,
        fp1_0.designation,
        fp1_0.experience_years,
        fp1_0.max_workload_hours,
        fp1_0.office,
        fp1_0.phone,
        fp1_0.research_area,
        fp1_0.updated_at,
        fp1_0.user_id 
    from
        faculty_profiles fp1_0 
    where
        fp1_0.user_id=?
Hibernate: 
    select
        frr1_0.id,
        frr1_0.availability,
        frr1_0.department_name,
        frr1_0.designation,
        frr1_0.email,
        frr1_0.full_name,
        frr1_0.hod_note,
        frr1_0.institutional_id,
        frr1_0.phone,
        frr1_0.reviewed_at,
        frr1_0.skills_json,
        frr1_0.status,
        frr1_0.submitted_at 
    from
        faculty_registration_requests frr1_0 
    where
        frr1_0.id=? for update
Hibernate: 
    select
        u1_0.id,
        u1_0.account_status,
        u1_0.created_at,
        u1_0.email,
        u1_0.full_name,
        u1_0.institutional_id,
        u1_0.password_hash,
        u1_0.role_id,
        u1_0.updated_at 
    from
        users u1_0 
    where
        u1_0.institutional_id=?
Hibernate: 
    select
        d1_0.id,
        d1_0.code,
        d1_0.created_at,
        d1_0.name 
    from
        departments d1_0 
    where
        d1_0.code=?
Hibernate: 
    select
        d1_0.id,
        d1_0.code,
        d1_0.created_at,
        d1_0.name 
    from
        departments d1_0 
    where
        d1_0.name=?
Hibernate: 
    select
        r1_0.id,
        r1_0.description 
    from
        roles r1_0 
    where
        r1_0.id=?
Hibernate: 
    select
        s1_0.id,
        s1_0.name 
    from
        skills s1_0 
    where
        s1_0.name=?
Hibernate: 
    select
        s1_0.id,
        s1_0.name 
    from
        skills s1_0 
    where
        s1_0.name=?
Hibernate: 
    select
        s1_0.id,
        s1_0.name 
    from
        skills s1_0 
    where
        s1_0.name=?
Hibernate: 
    insert 
    into
        users
        (account_status, created_at, email, full_name, institutional_id, password_hash, role_id, updated_at, id) 
    values
        (?, ?, ?, ?, ?, ?, ?, ?, ?)
Hibernate: 
    insert 
    into
        faculty_profiles
        (avatar_url, created_at, department_id, designation, experience_years, max_workload_hours, office, phone, research_area, updated_at, user_id, id) 
    values
        (?, ?, ?, ?, ?, ?, ?, ?, ?, ?, ?, ?)
Hibernate: 
    insert 
    into
        audit_logs
        (action, created_at, details, entity_id, entity_type, performed_by, id) 
    values
        (?, ?, ?, ?, ?, ?, ?)
Hibernate: 
    update
        faculty_registration_requests 
    set
        availability=?,
        department_name=?,
        designation=?,
        email=?,
        full_name=?,
        hod_note=?,
        institutional_id=?,
        phone=?,
        reviewed_at=?,
        skills_json=?,
        status=? 
    where
        id=?
Hibernate: 
    insert 
    into
        faculty_skills
        (faculty_id, skill_id) 
    values
        (?, ?)
Hibernate: 
    insert 
    into
        faculty_skills
        (faculty_id, skill_id) 
    values
        (?, ?)
Hibernate: 
    insert 
    into
        faculty_skills
        (faculty_id, skill_id) 
    values
        (?, ?)
Hibernate: 
    select
        u1_0.id,
        u1_0.account_status,
        u1_0.created_at,
        u1_0.email,
        u1_0.full_name,
        u1_0.institutional_id,
        u1_0.password_hash,
        u1_0.role_id,
        u1_0.updated_at 
    from
        users u1_0 
    where
        u1_0.institutional_id=?
Hibernate: 
    select
        fp1_0.id,
        fp1_0.avatar_url,
        fp1_0.created_at,
        fp1_0.department_id,
        fp1_0.designation,
        fp1_0.experience_years,
        fp1_0.max_workload_hours,
        fp1_0.office,
        fp1_0.phone,
        fp1_0.research_area,
        fp1_0.updated_at,
        fp1_0.user_id 
    from
        faculty_profiles fp1_0 
    join
        users u1_0 
            on u1_0.id=fp1_0.user_id 
    where
        u1_0.id=?
]]></system-out>
  </testcase>
</testsuite>