<?xml version="1.0" encoding="UTF-8"?>
<testsuite xmlns:xsi="http://www.w3.org/2001/XMLSchema-instance" xsi:noNamespaceSchemaLocation="https://maven.apache.org/surefire/maven-surefire-plugin/xsd/surefire-test-report.xsd" version="3.0.2" name="com.faculynk.RecommendationTests" time="14.829" tests="6" errors="0" skipped="0" failures="0">
  <properties>
[...]
</properties>
  <testcase name="testRecommendationSecurityRestrictions" classname="com.faculynk.RecommendationTests" time="1.019">
    <system-out><![CDATA[2026-08-13T01:17:49.379+05:30  INFO 9220 --- [faculynk-backend-test] [           main] t.c.s.AnnotationConfigContextLoaderUtils : Could not detect default configuration classes for test class [com.faculynk.RecommendationTests]: RecommendationTests does not declare any static, non-private, non-final, nested classes annotated with @Configuration.
2026-08-13T01:17:49.399+05:30  INFO 9220 --- [faculynk-backend-test] [           main] .b.t.c.SpringBootTestContextBootstrapper : Found @SpringBootConfiguration com.faculynk.FaculynkApplication for test class com.faculynk.RecommendationTests

  .   ____          _            __ _ _
 /\\ / ___'_ __ _ _(_)_ __  __ _ \ \ \ \
( ( )\___ | '_ | '_| | '_ \/ _` | \ \ \ \
 \\/  ___)| |_)| | | | | || (_| |  ) ) ) )
  '  |____| .__|_| |_|_| |_\__, | / / / /
 =========|_|==============|___/=/_/_/_/

 :: Spring Boot ::                (v3.4.3)

2026-08-13T01:17:49.464+05:30  INFO 9220 --- [faculynk-backend-test] [           main] com.faculynk.RecommendationTests         : Starting RecommendationTests using Java 26.0.2 with PID 9220 (started by kames in E:\Antigravity Projects\faculynkv3\backend)
2026-08-13T01:17:49.464+05:30 DEBUG 9220 --- [faculynk-backend-test] [           main] com.faculynk.RecommendationTests         : Running with Spring Boot v3.4.3, Spring v6.2.3
2026-08-13T01:17:49.465+05:30  INFO 9220 --- [faculynk-backend-test] [           main] com.faculynk.RecommendationTests         : The following 1 profile is active: "test"
2026-08-13T01:17:49.901+05:30  INFO 9220 --- [faculynk-backend-test] [           main] .s.d.r.c.RepositoryConfigurationDelegate : Bootstrapping Spring Data JPA repositories in DEFAULT mode.
2026-08-13T01:17:49.930+05:30  INFO 9220 --- [faculynk-backend-test] [           main] .s.d.r.c.RepositoryConfigurationDelegate : Finished Spring Data repository scanning in 25 ms. Found 12 JPA repository interfaces.
2026-08-13T01:17:50.171+05:30  INFO 9220 --- [faculynk-backend-test] [           main] com.zaxxer.hikari.HikariDataSource       : HikariPool-2 - Starting...
2026-08-13T01:17:50.177+05:30  INFO 9220 --- [faculynk-backend-test] [           main] com.zaxxer.hikari.pool.HikariPool        : HikariPool-2 - Added connection conn3: url=jdbc:h2:mem:faculynk_test user=SA
2026-08-13T01:17:50.178+05:30  INFO 9220 --- [faculynk-backend-test] [           main] com.zaxxer.hikari.HikariDataSource       : HikariPool-2 - Start completed.
2026-08-13T01:17:50.186+05:30  INFO 9220 --- [faculynk-backend-test] [           main] org.flywaydb.core.FlywayExecutor         : Database: jdbc:h2:mem:faculynk_test (H2 2.3)
2026-08-13T01:17:50.194+05:30  WARN 9220 --- [faculynk-backend-test] [           main] o.f.c.internal.database.base.Database    : Flyway upgrade recommended: H2 2.3.232 is newer than this version of Flyway and support has not been tested. The latest supported version of H2 is 2.2.224.
2026-08-13T01:17:50.222+05:30  INFO 9220 --- [faculynk-backend-test] [           main] o.f.core.internal.command.DbValidate     : Successfully validated 3 migrations (execution time 00:00.023s)
2026-08-13T01:17:50.229+05:30  INFO 9220 --- [faculynk-backend-test] [           main] o.f.core.internal.command.DbMigrate      : Current version of schema "PUBLIC": 3
2026-08-13T01:17:50.232+05:30  INFO 9220 --- [faculynk-backend-test] [           main] o.f.core.internal.command.DbMigrate      : Schema "PUBLIC" is up to date. No migration necessary.
2026-08-13T01:17:50.284+05:30  INFO 9220 --- [faculynk-backend-test] [           main] o.hibernate.jpa.internal.util.LogHelper  : HHH000204: Processing PersistenceUnitInfo [name: default]
2026-08-13T01:17:50.293+05:30  INFO 9220 --- [faculynk-backend-test] [           main] o.h.c.internal.RegionFactoryInitiator    : HHH000026: Second-level cache disabled
2026-08-13T01:17:50.318+05:30  INFO 9220 --- [faculynk-backend-test] [           main] o.s.o.j.p.SpringPersistenceUnitInfo      : No LoadTimeWeaver setup: ignoring JPA class transformer
2026-08-13T01:17:50.323+05:30  WARN 9220 --- [faculynk-backend-test] [           main] org.hibernate.dialect.Dialect            : HHH000511: The 2.3.232 version for [org.hibernate.dialect.MySQLDialect] is no longer supported, hence certain features may not work properly. The minimum supported version is 8.0.0. Check the community dialects project for available legacy versions.
2026-08-13T01:17:50.324+05:30  WARN 9220 --- [faculynk-backend-test] [           main] org.hibernate.orm.deprecation            : HHH90000025: MySQLDialect does not need to be specified explicitly using 'hibernate.dialect' (remove the property setting and it will be selected by default)
2026-08-13T01:17:50.324+05:30  INFO 9220 --- [faculynk-backend-test] [           main] org.hibernate.orm.connections.pooling    : HHH10001005: Database info:
	Database JDBC URL [Connecting through datasource 'HikariDataSource (HikariPool-2)']
	Database driver: undefined/unknown
	Database version: 2.3.232
	Autocommit mode: undefined/unknown
	Isolation level: undefined/unknown
	Minimum pool size: undefined/unknown
	Maximum pool size: undefined/unknown
2026-08-13T01:17:50.884+05:30  INFO 9220 --- [faculynk-backend-test] [           main] o.h.e.t.j.p.i.JtaPlatformInitiator       : HHH000489: No JTA platform available (set 'hibernate.transaction.jta.platform' to enable JTA platform integration)
2026-08-13T01:17:50.896+05:30  INFO 9220 --- [faculynk-backend-test] [           main] j.LocalContainerEntityManagerFactoryBean : Initialized JPA EntityManagerFactory for persistence unit 'default'
2026-08-13T01:17:51.893+05:30  INFO 9220 --- [faculynk-backend-test] [           main] r$InitializeUserDetailsManagerConfigurer : Global AuthenticationManager configured with UserDetailsService bean with name userDetailsServiceImpl
2026-08-13T01:17:52.630+05:30 DEBUG 9220 --- [faculynk-backend-test] [           main] c.f.security.JwtAuthenticationFilter     : Filter 'jwtAuthenticationFilter' configured for use
2026-08-13T01:17:52.631+05:30  INFO 9220 --- [faculynk-backend-test] [           main] o.s.b.t.m.w.SpringBootMockServletContext : Initializing Spring TestDispatcherServlet ''
2026-08-13T01:17:52.631+05:30  INFO 9220 --- [faculynk-backend-test] [           main] o.s.t.web.servlet.TestDispatcherServlet  : Initializing Servlet ''
2026-08-13T01:17:52.631+05:30  INFO 9220 --- [faculynk-backend-test] [           main] o.s.t.web.servlet.TestDispatcherServlet  : Completed initialization in 0 ms
2026-08-13T01:17:52.658+05:30  INFO 9220 --- [faculynk-backend-test] [           main] com.faculynk.RecommendationTests         : Started RecommendationTests in 3.251 seconds (process running for 23.505)
Hibernate: 
    select
        u1_0.id,
        u1_0.account_status,
        u1_0.created_at,
        u1_0.email,
        u1_0.full_name,
        u1_0.institutional_id,
        u1_0.password_hash,
        u1_0.role_id,
        u1_0.updated_at 
    from
        users u1_0 
    where
        u1_0.id=?
Hibernate: 
    select
        fp1_0.id,
        fp1_0.avatar_url,
        fp1_0.created_at,
        fp1_0.department_id,
        fp1_0.designation,
        fp1_0.experience_years,
        fp1_0.max_workload_hours,
        fp1_0.office,
        fp1_0.phone,
        fp1_0.research_area,
        fp1_0.updated_at,
        fp1_0.user_id 
    from
        faculty_profiles fp1_0 
    where
        fp1_0.user_id=?
]]></system-out>
  </testcase>
  <testcase name="testRejectRecommendation" classname="com.faculynk.RecommendationTests" time="6.882">
    <system-out><![CDATA[Hibernate: 
    select
        fp1_0.id,
        fp1_0.avatar_url,
        fp1_0.created_at,
        fp1_0.department_id,
        fp1_0.designation,
        fp1_0.experience_years,
        fp1_0.max_workload_hours,
        fp1_0.office,
        fp1_0.phone,
        fp1_0.research_area,
        fp1_0.updated_at,
        fp1_0.user_id 
    from
        faculty_profiles fp1_0 
    join
        users u1_0 
            on u1_0.id=fp1_0.user_id 
    where
        u1_0.id=?
Hibernate: 
    select
        u1_0.id,
        u1_0.account_status,
        u1_0.created_at,
        u1_0.email,
        u1_0.full_name,
        u1_0.institutional_id,
        u1_0.password_hash,
        u1_0.role_id,
        u1_0.updated_at 
    from
        users u1_0 
    where
        u1_0.id=?
Hibernate: 
    select
        fp1_0.id,
        fp1_0.avatar_url,
        fp1_0.created_at,
        fp1_0.department_id,
        fp1_0.designation,
        fp1_0.experience_years,
        fp1_0.max_workload_hours,
        fp1_0.office,
        fp1_0.phone,
        fp1_0.research_area,
        fp1_0.updated_at,
        fp1_0.user_id 
    from
        faculty_profiles fp1_0 
    where
        fp1_0.user_id=?
Hibernate: 
    select
        r1_0.id,
        r1_0.created_at,
        r1_0.overloaded_faculty_id,
        r1_0.reason,
        r1_0.reviewed_at,
        r1_0.status 
    from
        recommendations r1_0 
    where
        r1_0.status=?
Hibernate: 
    select
        fp1_0.id,
        fp1_0.avatar_url,
        fp1_0.created_at,
        fp1_0.department_id,
        fp1_0.designation,
        fp1_0.experience_years,
        fp1_0.max_workload_hours,
        fp1_0.office,
        fp1_0.phone,
        fp1_0.research_area,
        fp1_0.updated_at,
        fp1_0.user_id 
    from
        faculty_profiles fp1_0 
    where
        fp1_0.id=?
Hibernate: 
    select
        i1_0.recommendation_id,
        i1_0.id,
        i1_0.match_score,
        i1_0.projected_source_hours,
        i1_0.projected_target_hours,
        i1_0.status,
        i1_0.target_faculty_id,
        i1_0.task_id 
    from
        recommendation_items i1_0 
    where
        i1_0.recommendation_id=?
Hibernate: 
    select
        fp1_0.id,
        fp1_0.avatar_url,
        fp1_0.created_at,
        fp1_0.department_id,
        fp1_0.designation,
        fp1_0.experience_years,
        fp1_0.max_workload_hours,
        fp1_0.office,
        fp1_0.phone,
        fp1_0.research_area,
        fp1_0.updated_at,
        fp1_0.user_id 
    from
        faculty_profiles fp1_0 
    where
        fp1_0.id=?
Hibernate: 
    select
        i1_0.recommendation_id,
        i1_0.id,
        i1_0.match_score,
        i1_0.projected_source_hours,
        i1_0.projected_target_hours,
        i1_0.status,
        i1_0.target_faculty_id,
        i1_0.task_id 
    from
        recommendation_items i1_0 
    where
        i1_0.recommendation_id=?
Hibernate: 
    select
        fp1_0.id,
        fp1_0.avatar_url,
        fp1_0.created_at,
        fp1_0.department_id,
        fp1_0.designation,
        fp1_0.experience_years,
        fp1_0.max_workload_hours,
        fp1_0.office,
        fp1_0.phone,
        fp1_0.research_area,
        fp1_0.updated_at,
        fp1_0.user_id 
    from
        faculty_profiles fp1_0 
    join
        departments d1_0 
            on d1_0.id=fp1_0.department_id 
    where
        d1_0.id=?
Hibernate: 
    select
        u1_0.id,
        u1_0.account_status,
        u1_0.created_at,
        u1_0.email,
        u1_0.full_name,
        u1_0.institutional_id,
        u1_0.password_hash,
        u1_0.role_id,
        u1_0.updated_at 
    from
        users u1_0 
    where
        u1_0.id=?
Hibernate: 
    select
        u1_0.id,
        u1_0.account_status,
        u1_0.created_at,
        u1_0.email,
        u1_0.full_name,
        u1_0.institutional_id,
        u1_0.password_hash,
        u1_0.role_id,
        u1_0.updated_at 
    from
        users u1_0 
    where
        u1_0.id=?
Hibernate: 
    select
        u1_0.id,
        u1_0.account_status,
        u1_0.created_at,
        u1_0.email,
        u1_0.full_name,
        u1_0.institutional_id,
        u1_0.password_hash,
        u1_0.role_id,
        u1_0.updated_at 
    from
        users u1_0 
    where
        u1_0.id=?
Hibernate: 
    select
        u1_0.id,
        u1_0.account_status,
        u1_0.created_at,
        u1_0.email,
        u1_0.full_name,
        u1_0.institutional_id,
        u1_0.password_hash,
        u1_0.role_id,
        u1_0.updated_at 
    from
        users u1_0 
    where
        u1_0.id=?
Hibernate: 
    select
        u1_0.id,
        u1_0.account_status,
        u1_0.created_at,
        u1_0.email,
        u1_0.full_name,
        u1_0.institutional_id,
        u1_0.password_hash,
        u1_0.role_id,
        u1_0.updated_at 
    from
        users u1_0 
    where
        u1_0.id=?
Hibernate: 
    select
        u1_0.id,
        u1_0.account_status,
        u1_0.created_at,
        u1_0.email,
        u1_0.full_name,
        u1_0.institutional_id,
        u1_0.password_hash,
        u1_0.role_id,
        u1_0.updated_at 
    from
        users u1_0 
    where
        u1_0.id=?
Hibernate: 
    select
        u1_0.id,
        u1_0.account_status,
        u1_0.created_at,
        u1_0.email,
        u1_0.full_name,
        u1_0.institutional_id,
        u1_0.password_hash,
        u1_0.role_id,
        u1_0.updated_at 
    from
        users u1_0 
    where
        u1_0.id=?
Hibernate: 
    select
        u1_0.id,
        u1_0.account_status,
        u1_0.created_at,
        u1_0.email,
        u1_0.full_name,
        u1_0.institutional_id,
        u1_0.password_hash,
        u1_0.role_id,
        u1_0.updated_at 
    from
        users u1_0 
    where
        u1_0.id=?
Hibernate: 
    select
        coalesce(sum(t1_0.weekly_hours), 0) 
    from
        task_assignments ta1_0 
    join
        tasks t1_0 
            on t1_0.id=ta1_0.task_id 
    where
        ta1_0.faculty_id=? 
        and ta1_0.status='ACTIVE'
Hibernate: 
    select
        ta1_0.id,
        ta1_0.assigned_at,
        ta1_0.closed_at,
        ta1_0.closed_reason,
        ta1_0.faculty_id,
        ta1_0.status,
        ta1_0.task_id 
    from
        task_assignments ta1_0 
    join
        faculty_profiles f1_0 
            on f1_0.id=ta1_0.faculty_id 
    where
        f1_0.id=? 
        and ta1_0.status=?
Hibernate: 
    select
        t1_0.id,
        t1_0.active,
        t1_0.code,
        t1_0.created_at,
        t1_0.deadline,
        t1_0.department_id,
        t1_0.description,
        t1_0.priority,
        t1_0.semester,
        t1_0.title,
        t1_0.type,
        t1_0.weekly_hours 
    from
        tasks t1_0 
    where
        t1_0.id=?
Hibernate: 
    select
        t1_0.id,
        t1_0.active,
        t1_0.code,
        t1_0.created_at,
        t1_0.deadline,
        t1_0.department_id,
        t1_0.description,
        t1_0.priority,
        t1_0.semester,
        t1_0.title,
        t1_0.type,
        t1_0.weekly_hours 
    from
        tasks t1_0 
    where
        t1_0.id=?
Hibernate: 
    select
        t1_0.id,
        t1_0.active,
        t1_0.code,
        t1_0.created_at,
        t1_0.deadline,
        t1_0.department_id,
        t1_0.description,
        t1_0.priority,
        t1_0.semester,
        t1_0.title,
        t1_0.type,
        t1_0.weekly_hours 
    from
        tasks t1_0 
    where
        t1_0.id=?
Hibernate: 
    select
        t1_0.id,
        t1_0.active,
        t1_0.code,
        t1_0.created_at,
        t1_0.deadline,
        t1_0.department_id,
        t1_0.description,
        t1_0.priority,
        t1_0.semester,
        t1_0.title,
        t1_0.type,
        t1_0.weekly_hours 
    from
        tasks t1_0 
    where
        t1_0.id=?
Hibernate: 
    select
        ta1_0.id,
        ta1_0.assigned_at,
        ta1_0.closed_at,
        ta1_0.closed_reason,
        ta1_0.faculty_id,
        ta1_0.status,
        ta1_0.task_id 
    from
        task_assignments ta1_0 
    join
        faculty_profiles f1_0 
            on f1_0.id=ta1_0.faculty_id 
    where
        f1_0.id=? 
        and ta1_0.status=?
Hibernate: 
    select
        fp1_0.id,
        fp1_0.avatar_url,
        fp1_0.created_at,
        fp1_0.department_id,
        fp1_0.designation,
        fp1_0.experience_years,
        fp1_0.max_workload_hours,
        fp1_0.office,
        fp1_0.phone,
        fp1_0.research_area,
        fp1_0.updated_at,
        fp1_0.user_id 
    from
        faculty_profiles fp1_0
Hibernate: 
    select
        coalesce(sum(t1_0.weekly_hours), 0) 
    from
        task_assignments ta1_0 
    join
        tasks t1_0 
            on t1_0.id=ta1_0.task_id 
    where
        ta1_0.faculty_id=? 
        and ta1_0.status='ACTIVE'
Hibernate: 
    select
        ta1_0.id,
        ta1_0.assigned_at,
        ta1_0.closed_at,
        ta1_0.closed_reason,
        ta1_0.faculty_id,
        ta1_0.status,
        ta1_0.task_id 
    from
        task_assignments ta1_0 
    join
        faculty_profiles f1_0 
            on f1_0.id=ta1_0.faculty_id 
    where
        f1_0.id=? 
        and ta1_0.status=?
Hibernate: 
    select
        t1_0.id,
        t1_0.active,
        t1_0.code,
        t1_0.created_at,
        t1_0.deadline,
        t1_0.department_id,
        t1_0.description,
        t1_0.priority,
        t1_0.semester,
        t1_0.title,
        t1_0.type,
        t1_0.weekly_hours 
    from
        tasks t1_0 
    where
        t1_0.id=?
Hibernate: 
    select
        t1_0.id,
        t1_0.active,
        t1_0.code,
        t1_0.created_at,
        t1_0.deadline,
        t1_0.department_id,
        t1_0.description,
        t1_0.priority,
        t1_0.semester,
        t1_0.title,
        t1_0.type,
        t1_0.weekly_hours 
    from
        tasks t1_0 
    where
        t1_0.id=?
Hibernate: 
    select
        t1_0.id,
        t1_0.active,
        t1_0.code,
        t1_0.created_at,
        t1_0.deadline,
        t1_0.department_id,
        t1_0.description,
        t1_0.priority,
        t1_0.semester,
        t1_0.title,
        t1_0.type,
        t1_0.weekly_hours 
    from
        tasks t1_0 
    where
        t1_0.id=?
Hibernate: 
    select
        coalesce(sum(t1_0.weekly_hours), 0) 
    from
        task_assignments ta1_0 
    join
        tasks t1_0 
            on t1_0.id=ta1_0.task_id 
    where
        ta1_0.faculty_id=? 
        and ta1_0.status='ACTIVE'
Hibernate: 
    select
        ta1_0.id,
        ta1_0.assigned_at,
        ta1_0.closed_at,
        ta1_0.closed_reason,
        ta1_0.faculty_id,
        ta1_0.status,
        ta1_0.task_id 
    from
        task_assignments ta1_0 
    join
        faculty_profiles f1_0 
            on f1_0.id=ta1_0.faculty_id 
    where
        f1_0.id=? 
        and ta1_0.status=?
Hibernate: 
    select
        t1_0.id,
        t1_0.active,
        t1_0.code,
        t1_0.created_at,
        t1_0.deadline,
        t1_0.department_id,
        t1_0.description,
        t1_0.priority,
        t1_0.semester,
        t1_0.title,
        t1_0.type,
        t1_0.weekly_hours 
    from
        tasks t1_0 
    where
        t1_0.id=?
Hibernate: 
    select
        t1_0.id,
        t1_0.active,
        t1_0.code,
        t1_0.created_at,
        t1_0.deadline,
        t1_0.department_id,
        t1_0.description,
        t1_0.priority,
        t1_0.semester,
        t1_0.title,
        t1_0.type,
        t1_0.weekly_hours 
    from
        tasks t1_0 
    where
        t1_0.id=?
Hibernate: 
    select
        t1_0.id,
        t1_0.active,
        t1_0.code,
        t1_0.created_at,
        t1_0.deadline,
        t1_0.department_id,
        t1_0.description,
        t1_0.priority,
        t1_0.semester,
        t1_0.title,
        t1_0.type,
        t1_0.weekly_hours 
    from
        tasks t1_0 
    where
        t1_0.id=?
Hibernate: 
    select
        rs1_0.task_id,
        rs1_1.id,
        rs1_1.name 
    from
        task_required_skills rs1_0 
    join
        skills rs1_1 
            on rs1_1.id=rs1_0.skill_id 
    where
        rs1_0.task_id=?
Hibernate: 
    select
        s1_0.faculty_id,
        s1_1.id,
        s1_1.name 
    from
        faculty_skills s1_0 
    join
        skills s1_1 
            on s1_1.id=s1_0.skill_id 
    where
        s1_0.faculty_id=?
Hibernate: 
    select
        i1_0.faculty_id,
        i1_0.interest 
    from
        faculty_interests i1_0 
    where
        i1_0.faculty_id=?
Hibernate: 
    select
        coalesce(sum(t1_0.weekly_hours), 0) 
    from
        task_assignments ta1_0 
    join
        tasks t1_0 
            on t1_0.id=ta1_0.task_id 
    where
        ta1_0.faculty_id=? 
        and ta1_0.status='ACTIVE'
Hibernate: 
    select
        ta1_0.id,
        ta1_0.assigned_at,
        ta1_0.closed_at,
        ta1_0.closed_reason,
        ta1_0.faculty_id,
        ta1_0.status,
        ta1_0.task_id 
    from
        task_assignments ta1_0 
    join
        faculty_profiles f1_0 
            on f1_0.id=ta1_0.faculty_id 
    where
        f1_0.id=? 
        and ta1_0.status=?
Hibernate: 
    select
        t1_0.id,
        t1_0.active,
        t1_0.code,
        t1_0.created_at,
        t1_0.deadline,
        t1_0.department_id,
        t1_0.description,
        t1_0.priority,
        t1_0.semester,
        t1_0.title,
        t1_0.type,
        t1_0.weekly_hours 
    from
        tasks t1_0 
    where
        t1_0.id=?
Hibernate: 
    select
        t1_0.id,
        t1_0.active,
        t1_0.code,
        t1_0.created_at,
        t1_0.deadline,
        t1_0.department_id,
        t1_0.description,
        t1_0.priority,
        t1_0.semester,
        t1_0.title,
        t1_0.type,
        t1_0.weekly_hours 
    from
        tasks t1_0 
    where
        t1_0.id=?
Hibernate: 
    select
        coalesce(sum(t1_0.weekly_hours), 0) 
    from
        task_assignments ta1_0 
    join
        tasks t1_0 
            on t1_0.id=ta1_0.task_id 
    where
        ta1_0.faculty_id=? 
        and ta1_0.status='ACTIVE'
Hibernate: 
    select
        ta1_0.id,
        ta1_0.assigned_at,
        ta1_0.closed_at,
        ta1_0.closed_reason,
        ta1_0.faculty_id,
        ta1_0.status,
        ta1_0.task_id 
    from
        task_assignments ta1_0 
    join
        faculty_profiles f1_0 
            on f1_0.id=ta1_0.faculty_id 
    where
        f1_0.id=? 
        and ta1_0.status=?
Hibernate: 
    select
        t1_0.id,
        t1_0.active,
        t1_0.code,
        t1_0.created_at,
        t1_0.deadline,
        t1_0.department_id,
        t1_0.description,
        t1_0.priority,
        t1_0.semester,
        t1_0.title,
        t1_0.type,
        t1_0.weekly_hours 
    from
        tasks t1_0 
    where
        t1_0.id=?
Hibernate: 
    select
        t1_0.id,
        t1_0.active,
        t1_0.code,
        t1_0.created_at,
        t1_0.deadline,
        t1_0.department_id,
        t1_0.description,
        t1_0.priority,
        t1_0.semester,
        t1_0.title,
        t1_0.type,
        t1_0.weekly_hours 
    from
        tasks t1_0 
    where
        t1_0.id=?
Hibernate: 
    select
        t1_0.id,
        t1_0.active,
        t1_0.code,
        t1_0.created_at,
        t1_0.deadline,
        t1_0.department_id,
        t1_0.description,
        t1_0.priority,
        t1_0.semester,
        t1_0.title,
        t1_0.type,
        t1_0.weekly_hours 
    from
        tasks t1_0 
    where
        t1_0.id=?
Hibernate: 
    select
        t1_0.id,
        t1_0.active,
        t1_0.code,
        t1_0.created_at,
        t1_0.deadline,
        t1_0.department_id,
        t1_0.description,
        t1_0.priority,
        t1_0.semester,
        t1_0.title,
        t1_0.type,
        t1_0.weekly_hours 
    from
        tasks t1_0 
    where
        t1_0.id=?
Hibernate: 
    select
        coalesce(sum(t1_0.weekly_hours), 0) 
    from
        task_assignments ta1_0 
    join
        tasks t1_0 
            on t1_0.id=ta1_0.task_id 
    where
        ta1_0.faculty_id=? 
        and ta1_0.status='ACTIVE'
Hibernate: 
    select
        ta1_0.id,
        ta1_0.assigned_at,
        ta1_0.closed_at,
        ta1_0.closed_reason,
        ta1_0.faculty_id,
        ta1_0.status,
        ta1_0.task_id 
    from
        task_assignments ta1_0 
    join
        faculty_profiles f1_0 
            on f1_0.id=ta1_0.faculty_id 
    where
        f1_0.id=? 
        and ta1_0.status=?
Hibernate: 
    select
        t1_0.id,
        t1_0.active,
        t1_0.code,
        t1_0.created_at,
        t1_0.deadline,
        t1_0.department_id,
        t1_0.description,
        t1_0.priority,
        t1_0.semester,
        t1_0.title,
        t1_0.type,
        t1_0.weekly_hours 
    from
        tasks t1_0 
    where
        t1_0.id=?
Hibernate: 
    select
        t1_0.id,
        t1_0.active,
        t1_0.code,
        t1_0.created_at,
        t1_0.deadline,
        t1_0.department_id,
        t1_0.description,
        t1_0.priority,
        t1_0.semester,
        t1_0.title,
        t1_0.type,
        t1_0.weekly_hours 
    from
        tasks t1_0 
    where
        t1_0.id=?
Hibernate: 
    select
        t1_0.id,
        t1_0.active,
        t1_0.code,
        t1_0.created_at,
        t1_0.deadline,
        t1_0.department_id,
        t1_0.description,
        t1_0.priority,
        t1_0.semester,
        t1_0.title,
        t1_0.type,
        t1_0.weekly_hours 
    from
        tasks t1_0 
    where
        t1_0.id=?
Hibernate: 
    select
        s1_0.faculty_id,
        s1_1.id,
        s1_1.name 
    from
        faculty_skills s1_0 
    join
        skills s1_1 
            on s1_1.id=s1_0.skill_id 
    where
        s1_0.faculty_id=?
Hibernate: 
    select
        i1_0.faculty_id,
        i1_0.interest 
    from
        faculty_interests i1_0 
    where
        i1_0.faculty_id=?
Hibernate: 
    select
        coalesce(sum(t1_0.weekly_hours), 0) 
    from
        task_assignments ta1_0 
    join
        tasks t1_0 
            on t1_0.id=ta1_0.task_id 
    where
        ta1_0.faculty_id=? 
        and ta1_0.status='ACTIVE'
Hibernate: 
    select
        ta1_0.id,
        ta1_0.assigned_at,
        ta1_0.closed_at,
        ta1_0.closed_reason,
        ta1_0.faculty_id,
        ta1_0.status,
        ta1_0.task_id 
    from
        task_assignments ta1_0 
    join
        faculty_profiles f1_0 
            on f1_0.id=ta1_0.faculty_id 
    where
        f1_0.id=? 
        and ta1_0.status=?
Hibernate: 
    select
        t1_0.id,
        t1_0.active,
        t1_0.code,
        t1_0.created_at,
        t1_0.deadline,
        t1_0.department_id,
        t1_0.description,
        t1_0.priority,
        t1_0.semester,
        t1_0.title,
        t1_0.type,
        t1_0.weekly_hours 
    from
        tasks t1_0 
    where
        t1_0.id=?
Hibernate: 
    select
        t1_0.id,
        t1_0.active,
        t1_0.code,
        t1_0.created_at,
        t1_0.deadline,
        t1_0.department_id,
        t1_0.description,
        t1_0.priority,
        t1_0.semester,
        t1_0.title,
        t1_0.type,
        t1_0.weekly_hours 
    from
        tasks t1_0 
    where
        t1_0.id=?
Hibernate: 
    select
        t1_0.id,
        t1_0.active,
        t1_0.code,
        t1_0.created_at,
        t1_0.deadline,
        t1_0.department_id,
        t1_0.description,
        t1_0.priority,
        t1_0.semester,
        t1_0.title,
        t1_0.type,
        t1_0.weekly_hours 
    from
        tasks t1_0 
    where
        t1_0.id=?
Hibernate: 
    select
        s1_0.faculty_id,
        s1_1.id,
        s1_1.name 
    from
        faculty_skills s1_0 
    join
        skills s1_1 
            on s1_1.id=s1_0.skill_id 
    where
        s1_0.faculty_id=?
Hibernate: 
    select
        i1_0.faculty_id,
        i1_0.interest 
    from
        faculty_interests i1_0 
    where
        i1_0.faculty_id=?
Hibernate: 
    select
        coalesce(sum(t1_0.weekly_hours), 0) 
    from
        task_assignments ta1_0 
    join
        tasks t1_0 
            on t1_0.id=ta1_0.task_id 
    where
        ta1_0.faculty_id=? 
        and ta1_0.status='ACTIVE'
Hibernate: 
    select
        ta1_0.id,
        ta1_0.assigned_at,
        ta1_0.closed_at,
        ta1_0.closed_reason,
        ta1_0.faculty_id,
        ta1_0.status,
        ta1_0.task_id 
    from
        task_assignments ta1_0 
    join
        faculty_profiles f1_0 
            on f1_0.id=ta1_0.faculty_id 
    where
        f1_0.id=? 
        and ta1_0.status=?
Hibernate: 
    select
        t1_0.id,
        t1_0.active,
        t1_0.code,
        t1_0.created_at,
        t1_0.deadline,
        t1_0.department_id,
        t1_0.description,
        t1_0.priority,
        t1_0.semester,
        t1_0.title,
        t1_0.type,
        t1_0.weekly_hours 
    from
        tasks t1_0 
    where
        t1_0.id=?
Hibernate: 
    select
        t1_0.id,
        t1_0.active,
        t1_0.code,
        t1_0.created_at,
        t1_0.deadline,
        t1_0.department_id,
        t1_0.description,
        t1_0.priority,
        t1_0.semester,
        t1_0.title,
        t1_0.type,
        t1_0.weekly_hours 
    from
        tasks t1_0 
    where
        t1_0.id=?
Hibernate: 
    select
        t1_0.id,
        t1_0.active,
        t1_0.code,
        t1_0.created_at,
        t1_0.deadline,
        t1_0.department_id,
        t1_0.description,
        t1_0.priority,
        t1_0.semester,
        t1_0.title,
        t1_0.type,
        t1_0.weekly_hours 
    from
        tasks t1_0 
    where
        t1_0.id=?
Hibernate: 
    select
        s1_0.faculty_id,
        s1_1.id,
        s1_1.name 
    from
        faculty_skills s1_0 
    join
        skills s1_1 
            on s1_1.id=s1_0.skill_id 
    where
        s1_0.faculty_id=?
Hibernate: 
    select
        i1_0.faculty_id,
        i1_0.interest 
    from
        faculty_interests i1_0 
    where
        i1_0.faculty_id=?
Hibernate: 
    select
        ta1_0.id,
        ta1_0.assigned_at,
        ta1_0.closed_at,
        ta1_0.closed_reason,
        ta1_0.faculty_id,
        ta1_0.status,
        ta1_0.task_id 
    from
        task_assignments ta1_0 
    join
        tasks t1_0 
            on t1_0.id=ta1_0.task_id 
    where
        t1_0.id=? 
        and ta1_0.status=?
Hibernate: 
    select
        d1_0.id,
        d1_0.code,
        d1_0.created_at,
        d1_0.name 
    from
        departments d1_0 
    where
        d1_0.id=?
Hibernate: 
    select
        coalesce(sum(t1_0.weekly_hours), 0) 
    from
        task_assignments ta1_0 
    join
        tasks t1_0 
            on t1_0.id=ta1_0.task_id 
    where
        ta1_0.faculty_id=? 
        and ta1_0.status='ACTIVE'
Hibernate: 
    select
        ta1_0.id,
        ta1_0.assigned_at,
        ta1_0.closed_at,
        ta1_0.closed_reason,
        ta1_0.faculty_id,
        ta1_0.status,
        ta1_0.task_id 
    from
        task_assignments ta1_0 
    join
        faculty_profiles f1_0 
            on f1_0.id=ta1_0.faculty_id 
    where
        f1_0.id=? 
        and ta1_0.status=?
Hibernate: 
    select
        coalesce(sum(t1_0.weekly_hours), 0) 
    from
        task_assignments ta1_0 
    join
        tasks t1_0 
            on t1_0.id=ta1_0.task_id 
    where
        ta1_0.faculty_id=? 
        and ta1_0.status='ACTIVE'
Hibernate: 
    select
        ta1_0.id,
        ta1_0.assigned_at,
        ta1_0.closed_at,
        ta1_0.closed_reason,
        ta1_0.faculty_id,
        ta1_0.status,
        ta1_0.task_id 
    from
        task_assignments ta1_0 
    join
        faculty_profiles f1_0 
            on f1_0.id=ta1_0.faculty_id 
    where
        f1_0.id=? 
        and ta1_0.status=?
Hibernate: 
    select
        coalesce(sum(t1_0.weekly_hours), 0) 
    from
        task_assignments ta1_0 
    join
        tasks t1_0 
            on t1_0.id=ta1_0.task_id 
    where
        ta1_0.faculty_id=? 
        and ta1_0.status='ACTIVE'
Hibernate: 
    select
        ta1_0.id,
        ta1_0.assigned_at,
        ta1_0.closed_at,
        ta1_0.closed_reason,
        ta1_0.faculty_id,
        ta1_0.status,
        ta1_0.task_id 
    from
        task_assignments ta1_0 
    join
        faculty_profiles f1_0 
            on f1_0.id=ta1_0.faculty_id 
    where
        f1_0.id=? 
        and ta1_0.status=?
Hibernate: 
    select
        coalesce(sum(t1_0.weekly_hours), 0) 
    from
        task_assignments ta1_0 
    join
        tasks t1_0 
            on t1_0.id=ta1_0.task_id 
    where
        ta1_0.faculty_id=? 
        and ta1_0.status='ACTIVE'
Hibernate: 
    select
        ta1_0.id,
        ta1_0.assigned_at,
        ta1_0.closed_at,
        ta1_0.closed_reason,
        ta1_0.faculty_id,
        ta1_0.status,
        ta1_0.task_id 
    from
        task_assignments ta1_0 
    join
        faculty_profiles f1_0 
            on f1_0.id=ta1_0.faculty_id 
    where
        f1_0.id=? 
        and ta1_0.status=?
Hibernate: 
    select
        ta1_0.id,
        ta1_0.assigned_at,
        ta1_0.closed_at,
        ta1_0.closed_reason,
        ta1_0.faculty_id,
        ta1_0.status,
        ta1_0.task_id 
    from
        task_assignments ta1_0 
    join
        faculty_profiles f1_0 
            on f1_0.id=ta1_0.faculty_id 
    where
        f1_0.id=? 
        and ta1_0.status=?
Hibernate: 
    select
        fp1_0.id,
        fp1_0.avatar_url,
        fp1_0.created_at,
        fp1_0.department_id,
        fp1_0.designation,
        fp1_0.experience_years,
        fp1_0.max_workload_hours,
        fp1_0.office,
        fp1_0.phone,
        fp1_0.research_area,
        fp1_0.updated_at,
        fp1_0.user_id 
    from
        faculty_profiles fp1_0
Hibernate: 
    select
        coalesce(sum(t1_0.weekly_hours), 0) 
    from
        task_assignments ta1_0 
    join
        tasks t1_0 
            on t1_0.id=ta1_0.task_id 
    where
        ta1_0.faculty_id=? 
        and ta1_0.status='ACTIVE'
Hibernate: 
    select
        ta1_0.id,
        ta1_0.assigned_at,
        ta1_0.closed_at,
        ta1_0.closed_reason,
        ta1_0.faculty_id,
        ta1_0.status,
        ta1_0.task_id 
    from
        task_assignments ta1_0 
    join
        faculty_profiles f1_0 
            on f1_0.id=ta1_0.faculty_id 
    where
        f1_0.id=? 
        and ta1_0.status=?
Hibernate: 
    select
        coalesce(sum(t1_0.weekly_hours), 0) 
    from
        task_assignments ta1_0 
    join
        tasks t1_0 
            on t1_0.id=ta1_0.task_id 
    where
        ta1_0.faculty_id=? 
        and ta1_0.status='ACTIVE'
Hibernate: 
    select
        ta1_0.id,
        ta1_0.assigned_at,
        ta1_0.closed_at,
        ta1_0.closed_reason,
        ta1_0.faculty_id,
        ta1_0.status,
        ta1_0.task_id 
    from
        task_assignments ta1_0 
    join
        faculty_profiles f1_0 
            on f1_0.id=ta1_0.faculty_id 
    where
        f1_0.id=? 
        and ta1_0.status=?
Hibernate: 
    select
        coalesce(sum(t1_0.weekly_hours), 0) 
    from
        task_assignments ta1_0 
    join
        tasks t1_0 
            on t1_0.id=ta1_0.task_id 
    where
        ta1_0.faculty_id=? 
        and ta1_0.status='ACTIVE'
Hibernate: 
    select
        ta1_0.id,
        ta1_0.assigned_at,
        ta1_0.closed_at,
        ta1_0.closed_reason,
        ta1_0.faculty_id,
        ta1_0.status,
        ta1_0.task_id 
    from
        task_assignments ta1_0 
    join
        faculty_profiles f1_0 
            on f1_0.id=ta1_0.faculty_id 
    where
        f1_0.id=? 
        and ta1_0.status=?
Hibernate: 
    select
        rs1_0.task_id,
        rs1_1.id,
        rs1_1.name 
    from
        task_required_skills rs1_0 
    join
        skills rs1_1 
            on rs1_1.id=rs1_0.skill_id 
    where
        rs1_0.task_id=?
Hibernate: 
    select
        coalesce(sum(t1_0.weekly_hours), 0) 
    from
        task_assignments ta1_0 
    join
        tasks t1_0 
            on t1_0.id=ta1_0.task_id 
    where
        ta1_0.faculty_id=? 
        and ta1_0.status='ACTIVE'
Hibernate: 
    select
        ta1_0.id,
        ta1_0.assigned_at,
        ta1_0.closed_at,
        ta1_0.closed_reason,
        ta1_0.faculty_id,
        ta1_0.status,
        ta1_0.task_id 
    from
        task_assignments ta1_0 
    join
        faculty_profiles f1_0 
            on f1_0.id=ta1_0.faculty_id 
    where
        f1_0.id=? 
        and ta1_0.status=?
Hibernate: 
    select
        coalesce(sum(t1_0.weekly_hours), 0) 
    from
        task_assignments ta1_0 
    join
        tasks t1_0 
            on t1_0.id=ta1_0.task_id 
    where
        ta1_0.faculty_id=? 
        and ta1_0.status='ACTIVE'
Hibernate: 
    select
        ta1_0.id,
        ta1_0.assigned_at,
        ta1_0.closed_at,
        ta1_0.closed_reason,
        ta1_0.faculty_id,
        ta1_0.status,
        ta1_0.task_id 
    from
        task_assignments ta1_0 
    join
        faculty_profiles f1_0 
            on f1_0.id=ta1_0.faculty_id 
    where
        f1_0.id=? 
        and ta1_0.status=?
Hibernate: 
    select
        coalesce(sum(t1_0.weekly_hours), 0) 
    from
        task_assignments ta1_0 
    join
        tasks t1_0 
            on t1_0.id=ta1_0.task_id 
    where
        ta1_0.faculty_id=? 
        and ta1_0.status='ACTIVE'
Hibernate: 
    select
        ta1_0.id,
        ta1_0.assigned_at,
        ta1_0.closed_at,
        ta1_0.closed_reason,
        ta1_0.faculty_id,
        ta1_0.status,
        ta1_0.task_id 
    from
        task_assignments ta1_0 
    join
        faculty_profiles f1_0 
            on f1_0.id=ta1_0.faculty_id 
    where
        f1_0.id=? 
        and ta1_0.status=?
Hibernate: 
    select
        coalesce(sum(t1_0.weekly_hours), 0) 
    from
        task_assignments ta1_0 
    join
        tasks t1_0 
            on t1_0.id=ta1_0.task_id 
    where
        ta1_0.faculty_id=? 
        and ta1_0.status='ACTIVE'
Hibernate: 
    select
        ta1_0.id,
        ta1_0.assigned_at,
        ta1_0.closed_at,
        ta1_0.closed_reason,
        ta1_0.faculty_id,
        ta1_0.status,
        ta1_0.task_id 
    from
        task_assignments ta1_0 
    join
        faculty_profiles f1_0 
            on f1_0.id=ta1_0.faculty_id 
    where
        f1_0.id=? 
        and ta1_0.status=?
Hibernate: 
    select
        ta1_0.id,
        ta1_0.assigned_at,
        ta1_0.closed_at,
        ta1_0.closed_reason,
        ta1_0.faculty_id,
        ta1_0.status,
        ta1_0.task_id 
    from
        task_assignments ta1_0 
    join
        tasks t1_0 
            on t1_0.id=ta1_0.task_id 
    where
        t1_0.id=? 
        and ta1_0.status=?
Hibernate: 
    select
        coalesce(sum(t1_0.weekly_hours), 0) 
    from
        task_assignments ta1_0 
    join
        tasks t1_0 
            on t1_0.id=ta1_0.task_id 
    where
        ta1_0.faculty_id=? 
        and ta1_0.status='ACTIVE'
Hibernate: 
    select
        ta1_0.id,
        ta1_0.assigned_at,
        ta1_0.closed_at,
        ta1_0.closed_reason,
        ta1_0.faculty_id,
        ta1_0.status,
        ta1_0.task_id 
    from
        task_assignments ta1_0 
    join
        faculty_profiles f1_0 
            on f1_0.id=ta1_0.faculty_id 
    where
        f1_0.id=? 
        and ta1_0.status=?
Hibernate: 
    select
        coalesce(sum(t1_0.weekly_hours), 0) 
    from
        task_assignments ta1_0 
    join
        tasks t1_0 
            on t1_0.id=ta1_0.task_id 
    where
        ta1_0.faculty_id=? 
        and ta1_0.status='ACTIVE'
Hibernate: 
    select
        ta1_0.id,
        ta1_0.assigned_at,
        ta1_0.closed_at,
        ta1_0.closed_reason,
        ta1_0.faculty_id,
        ta1_0.status,
        ta1_0.task_id 
    from
        task_assignments ta1_0 
    join
        faculty_profiles f1_0 
            on f1_0.id=ta1_0.faculty_id 
    where
        f1_0.id=? 
        and ta1_0.status=?
Hibernate: 
    select
        coalesce(sum(t1_0.weekly_hours), 0) 
    from
        task_assignments ta1_0 
    join
        tasks t1_0 
            on t1_0.id=ta1_0.task_id 
    where
        ta1_0.faculty_id=? 
        and ta1_0.status='ACTIVE'
Hibernate: 
    select
        ta1_0.id,
        ta1_0.assigned_at,
        ta1_0.closed_at,
        ta1_0.closed_reason,
        ta1_0.faculty_id,
        ta1_0.status,
        ta1_0.task_id 
    from
        task_assignments ta1_0 
    join
        faculty_profiles f1_0 
            on f1_0.id=ta1_0.faculty_id 
    where
        f1_0.id=? 
        and ta1_0.status=?
Hibernate: 
    select
        coalesce(sum(t1_0.weekly_hours), 0) 
    from
        task_assignments ta1_0 
    join
        tasks t1_0 
            on t1_0.id=ta1_0.task_id 
    where
        ta1_0.faculty_id=? 
        and ta1_0.status='ACTIVE'
Hibernate: 
    select
        coalesce(sum(t1_0.weekly_hours), 0) 
    from
        task_assignments ta1_0 
    join
        tasks t1_0 
            on t1_0.id=ta1_0.task_id 
    where
        ta1_0.faculty_id=? 
        and ta1_0.status='ACTIVE'
Hibernate: 
    select
        coalesce(sum(t1_0.weekly_hours), 0) 
    from
        task_assignments ta1_0 
    join
        tasks t1_0 
            on t1_0.id=ta1_0.task_id 
    where
        ta1_0.faculty_id=? 
        and ta1_0.status='ACTIVE'
Hibernate: 
    select
        coalesce(sum(t1_0.weekly_hours), 0) 
    from
        task_assignments ta1_0 
    join
        tasks t1_0 
            on t1_0.id=ta1_0.task_id 
    where
        ta1_0.faculty_id=? 
        and ta1_0.status='ACTIVE'
Hibernate: 
    select
        coalesce(sum(t1_0.weekly_hours), 0) 
    from
        task_assignments ta1_0 
    join
        tasks t1_0 
            on t1_0.id=ta1_0.task_id 
    where
        ta1_0.faculty_id=? 
        and ta1_0.status='ACTIVE'
Hibernate: 
    select
        coalesce(sum(t1_0.weekly_hours), 0) 
    from
        task_assignments ta1_0 
    join
        tasks t1_0 
            on t1_0.id=ta1_0.task_id 
    where
        ta1_0.faculty_id=? 
        and ta1_0.status='ACTIVE'
]]></system-out>
  </testcase>
  <testcase name="testApproveRecommendationSucceeds" classname="com.faculynk.RecommendationTests" time="1.976">
    <system-out><![CDATA[Hibernate: 
    select
        fp1_0.id,
        fp1_0.avatar_url,
        fp1_0.created_at,
        fp1_0.department_id,
        fp1_0.designation,
        fp1_0.experience_years,
        fp1_0.max_workload_hours,
        fp1_0.office,
        fp1_0.phone,
        fp1_0.research_area,
        fp1_0.updated_at,
        fp1_0.user_id 
    from
        faculty_profiles fp1_0 
    join
        users u1_0 
            on u1_0.id=fp1_0.user_id 
    where
        u1_0.id=?
Hibernate: 
    select
        u1_0.id,
        u1_0.account_status,
        u1_0.created_at,
        u1_0.email,
        u1_0.full_name,
        u1_0.institutional_id,
        u1_0.password_hash,
        u1_0.role_id,
        u1_0.updated_at 
    from
        users u1_0 
    where
        u1_0.id=?
Hibernate: 
    select
        fp1_0.id,
        fp1_0.avatar_url,
        fp1_0.created_at,
        fp1_0.department_id,
        fp1_0.designation,
        fp1_0.experience_years,
        fp1_0.max_workload_hours,
        fp1_0.office,
        fp1_0.phone,
        fp1_0.research_area,
        fp1_0.updated_at,
        fp1_0.user_id 
    from
        faculty_profiles fp1_0 
    where
        fp1_0.user_id=?
Hibernate: 
    select
        r1_0.id,
        r1_0.created_at,
        r1_0.overloaded_faculty_id,
        r1_0.reason,
        r1_0.reviewed_at,
        r1_0.status 
    from
        recommendations r1_0 
    where
        r1_0.status=?
Hibernate: 
    select
        fp1_0.id,
        fp1_0.avatar_url,
        fp1_0.created_at,
        fp1_0.department_id,
        fp1_0.designation,
        fp1_0.experience_years,
        fp1_0.max_workload_hours,
        fp1_0.office,
        fp1_0.phone,
        fp1_0.research_area,
        fp1_0.updated_at,
        fp1_0.user_id 
    from
        faculty_profiles fp1_0 
    where
        fp1_0.id=?
Hibernate: 
    select
        i1_0.recommendation_id,
        i1_0.id,
        i1_0.match_score,
        i1_0.projected_source_hours,
        i1_0.projected_target_hours,
        i1_0.status,
        i1_0.target_faculty_id,
        i1_0.task_id 
    from
        recommendation_items i1_0 
    where
        i1_0.recommendation_id=?
Hibernate: 
    select
        fp1_0.id,
        fp1_0.avatar_url,
        fp1_0.created_at,
        fp1_0.department_id,
        fp1_0.designation,
        fp1_0.experience_years,
        fp1_0.max_workload_hours,
        fp1_0.office,
        fp1_0.phone,
        fp1_0.research_area,
        fp1_0.updated_at,
        fp1_0.user_id 
    from
        faculty_profiles fp1_0 
    where
        fp1_0.id=?
Hibernate: 
    select
        i1_0.recommendation_id,
        i1_0.id,
        i1_0.match_score,
        i1_0.projected_source_hours,
        i1_0.projected_target_hours,
        i1_0.status,
        i1_0.target_faculty_id,
        i1_0.task_id 
    from
        recommendation_items i1_0 
    where
        i1_0.recommendation_id=?
Hibernate: 
    select
        fp1_0.id,
        fp1_0.avatar_url,
        fp1_0.created_at,
        fp1_0.department_id,
        fp1_0.designation,
        fp1_0.experience_years,
        fp1_0.max_workload_hours,
        fp1_0.office,
        fp1_0.phone,
        fp1_0.research_area,
        fp1_0.updated_at,
        fp1_0.user_id 
    from
        faculty_profiles fp1_0 
    join
        departments d1_0 
            on d1_0.id=fp1_0.department_id 
    where
        d1_0.id=?
Hibernate: 
    select
        u1_0.id,
        u1_0.account_status,
        u1_0.created_at,
        u1_0.email,
        u1_0.full_name,
        u1_0.institutional_id,
        u1_0.password_hash,
        u1_0.role_id,
        u1_0.updated_at 
    from
        users u1_0 
    where
        u1_0.id=?
Hibernate: 
    select
        u1_0.id,
        u1_0.account_status,
        u1_0.created_at,
        u1_0.email,
        u1_0.full_name,
        u1_0.institutional_id,
        u1_0.password_hash,
        u1_0.role_id,
        u1_0.updated_at 
    from
        users u1_0 
    where
        u1_0.id=?
Hibernate: 
    select
        u1_0.id,
        u1_0.account_status,
        u1_0.created_at,
        u1_0.email,
        u1_0.full_name,
        u1_0.institutional_id,
        u1_0.password_hash,
        u1_0.role_id,
        u1_0.updated_at 
    from
        users u1_0 
    where
        u1_0.id=?
Hibernate: 
    select
        u1_0.id,
        u1_0.account_status,
        u1_0.created_at,
        u1_0.email,
        u1_0.full_name,
        u1_0.institutional_id,
        u1_0.password_hash,
        u1_0.role_id,
        u1_0.updated_at 
    from
        users u1_0 
    where
        u1_0.id=?
Hibernate: 
    select
        u1_0.id,
        u1_0.account_status,
        u1_0.created_at,
        u1_0.email,
        u1_0.full_name,
        u1_0.institutional_id,
        u1_0.password_hash,
        u1_0.role_id,
        u1_0.updated_at 
    from
        users u1_0 
    where
        u1_0.id=?
Hibernate: 
    select
        u1_0.id,
        u1_0.account_status,
        u1_0.created_at,
        u1_0.email,
        u1_0.full_name,
        u1_0.institutional_id,
        u1_0.password_hash,
        u1_0.role_id,
        u1_0.updated_at 
    from
        users u1_0 
    where
        u1_0.id=?
Hibernate: 
    select
        u1_0.id,
        u1_0.account_status,
        u1_0.created_at,
        u1_0.email,
        u1_0.full_name,
        u1_0.institutional_id,
        u1_0.password_hash,
        u1_0.role_id,
        u1_0.updated_at 
    from
        users u1_0 
    where
        u1_0.id=?
Hibernate: 
    select
        u1_0.id,
        u1_0.account_status,
        u1_0.created_at,
        u1_0.email,
        u1_0.full_name,
        u1_0.institutional_id,
        u1_0.password_hash,
        u1_0.role_id,
        u1_0.updated_at 
    from
        users u1_0 
    where
        u1_0.id=?
Hibernate: 
    select
        coalesce(sum(t1_0.weekly_hours), 0) 
    from
        task_assignments ta1_0 
    join
        tasks t1_0 
            on t1_0.id=ta1_0.task_id 
    where
        ta1_0.faculty_id=? 
        and ta1_0.status='ACTIVE'
Hibernate: 
    select
        ta1_0.id,
        ta1_0.assigned_at,
        ta1_0.closed_at,
        ta1_0.closed_reason,
        ta1_0.faculty_id,
        ta1_0.status,
        ta1_0.task_id 
    from
        task_assignments ta1_0 
    join
        faculty_profiles f1_0 
            on f1_0.id=ta1_0.faculty_id 
    where
        f1_0.id=? 
        and ta1_0.status=?
Hibernate: 
    select
        t1_0.id,
        t1_0.active,
        t1_0.code,
        t1_0.created_at,
        t1_0.deadline,
        t1_0.department_id,
        t1_0.description,
        t1_0.priority,
        t1_0.semester,
        t1_0.title,
        t1_0.type,
        t1_0.weekly_hours 
    from
        tasks t1_0 
    where
        t1_0.id=?
Hibernate: 
    select
        t1_0.id,
        t1_0.active,
        t1_0.code,
        t1_0.created_at,
        t1_0.deadline,
        t1_0.department_id,
        t1_0.description,
        t1_0.priority,
        t1_0.semester,
        t1_0.title,
        t1_0.type,
        t1_0.weekly_hours 
    from
        tasks t1_0 
    where
        t1_0.id=?
Hibernate: 
    select
        t1_0.id,
        t1_0.active,
        t1_0.code,
        t1_0.created_at,
        t1_0.deadline,
        t1_0.department_id,
        t1_0.description,
        t1_0.priority,
        t1_0.semester,
        t1_0.title,
        t1_0.type,
        t1_0.weekly_hours 
    from
        tasks t1_0 
    where
        t1_0.id=?
Hibernate: 
    select
        t1_0.id,
        t1_0.active,
        t1_0.code,
        t1_0.created_at,
        t1_0.deadline,
        t1_0.department_id,
        t1_0.description,
        t1_0.priority,
        t1_0.semester,
        t1_0.title,
        t1_0.type,
        t1_0.weekly_hours 
    from
        tasks t1_0 
    where
        t1_0.id=?
Hibernate: 
    select
        ta1_0.id,
        ta1_0.assigned_at,
        ta1_0.closed_at,
        ta1_0.closed_reason,
        ta1_0.faculty_id,
        ta1_0.status,
        ta1_0.task_id 
    from
        task_assignments ta1_0 
    join
        faculty_profiles f1_0 
            on f1_0.id=ta1_0.faculty_id 
    where
        f1_0.id=? 
        and ta1_0.status=?
Hibernate: 
    select
        fp1_0.id,
        fp1_0.avatar_url,
        fp1_0.created_at,
        fp1_0.department_id,
        fp1_0.designation,
        fp1_0.experience_years,
        fp1_0.max_workload_hours,
        fp1_0.office,
        fp1_0.phone,
        fp1_0.research_area,
        fp1_0.updated_at,
        fp1_0.user_id 
    from
        faculty_profiles fp1_0
Hibernate: 
    select
        coalesce(sum(t1_0.weekly_hours), 0) 
    from
        task_assignments ta1_0 
    join
        tasks t1_0 
            on t1_0.id=ta1_0.task_id 
    where
        ta1_0.faculty_id=? 
        and ta1_0.status='ACTIVE'
Hibernate: 
    select
        ta1_0.id,
        ta1_0.assigned_at,
        ta1_0.closed_at,
        ta1_0.closed_reason,
        ta1_0.faculty_id,
        ta1_0.status,
        ta1_0.task_id 
    from
        task_assignments ta1_0 
    join
        faculty_profiles f1_0 
            on f1_0.id=ta1_0.faculty_id 
    where
        f1_0.id=? 
        and ta1_0.status=?
Hibernate: 
    select
        t1_0.id,
        t1_0.active,
        t1_0.code,
        t1_0.created_at,
        t1_0.deadline,
        t1_0.department_id,
        t1_0.description,
        t1_0.priority,
        t1_0.semester,
        t1_0.title,
        t1_0.type,
        t1_0.weekly_hours 
    from
        tasks t1_0 
    where
        t1_0.id=?
Hibernate: 
    select
        t1_0.id,
        t1_0.active,
        t1_0.code,
        t1_0.created_at,
        t1_0.deadline,
        t1_0.department_id,
        t1_0.description,
        t1_0.priority,
        t1_0.semester,
        t1_0.title,
        t1_0.type,
        t1_0.weekly_hours 
    from
        tasks t1_0 
    where
        t1_0.id=?
Hibernate: 
    select
        t1_0.id,
        t1_0.active,
        t1_0.code,
        t1_0.created_at,
        t1_0.deadline,
        t1_0.department_id,
        t1_0.description,
        t1_0.priority,
        t1_0.semester,
        t1_0.title,
        t1_0.type,
        t1_0.weekly_hours 
    from
        tasks t1_0 
    where
        t1_0.id=?
Hibernate: 
    select
        coalesce(sum(t1_0.weekly_hours), 0) 
    from
        task_assignments ta1_0 
    join
        tasks t1_0 
            on t1_0.id=ta1_0.task_id 
    where
        ta1_0.faculty_id=? 
        and ta1_0.status='ACTIVE'
Hibernate: 
    select
        ta1_0.id,
        ta1_0.assigned_at,
        ta1_0.closed_at,
        ta1_0.closed_reason,
        ta1_0.faculty_id,
        ta1_0.status,
        ta1_0.task_id 
    from
        task_assignments ta1_0 
    join
        faculty_profiles f1_0 
            on f1_0.id=ta1_0.faculty_id 
    where
        f1_0.id=? 
        and ta1_0.status=?
Hibernate: 
    select
        t1_0.id,
        t1_0.active,
        t1_0.code,
        t1_0.created_at,
        t1_0.deadline,
        t1_0.department_id,
        t1_0.description,
        t1_0.priority,
        t1_0.semester,
        t1_0.title,
        t1_0.type,
        t1_0.weekly_hours 
    from
        tasks t1_0 
    where
        t1_0.id=?
Hibernate: 
    select
        t1_0.id,
        t1_0.active,
        t1_0.code,
        t1_0.created_at,
        t1_0.deadline,
        t1_0.department_id,
        t1_0.description,
        t1_0.priority,
        t1_0.semester,
        t1_0.title,
        t1_0.type,
        t1_0.weekly_hours 
    from
        tasks t1_0 
    where
        t1_0.id=?
Hibernate: 
    select
        t1_0.id,
        t1_0.active,
        t1_0.code,
        t1_0.created_at,
        t1_0.deadline,
        t1_0.department_id,
        t1_0.description,
        t1_0.priority,
        t1_0.semester,
        t1_0.title,
        t1_0.type,
        t1_0.weekly_hours 
    from
        tasks t1_0 
    where
        t1_0.id=?
Hibernate: 
    select
        rs1_0.task_id,
        rs1_1.id,
        rs1_1.name 
    from
        task_required_skills rs1_0 
    join
        skills rs1_1 
            on rs1_1.id=rs1_0.skill_id 
    where
        rs1_0.task_id=?
Hibernate: 
    select
        s1_0.faculty_id,
        s1_1.id,
        s1_1.name 
    from
        faculty_skills s1_0 
    join
        skills s1_1 
            on s1_1.id=s1_0.skill_id 
    where
        s1_0.faculty_id=?
Hibernate: 
    select
        i1_0.faculty_id,
        i1_0.interest 
    from
        faculty_interests i1_0 
    where
        i1_0.faculty_id=?
Hibernate: 
    select
        coalesce(sum(t1_0.weekly_hours), 0) 
    from
        task_assignments ta1_0 
    join
        tasks t1_0 
            on t1_0.id=ta1_0.task_id 
    where
        ta1_0.faculty_id=? 
        and ta1_0.status='ACTIVE'
Hibernate: 
    select
        ta1_0.id,
        ta1_0.assigned_at,
        ta1_0.closed_at,
        ta1_0.closed_reason,
        ta1_0.faculty_id,
        ta1_0.status,
        ta1_0.task_id 
    from
        task_assignments ta1_0 
    join
        faculty_profiles f1_0 
            on f1_0.id=ta1_0.faculty_id 
    where
        f1_0.id=? 
        and ta1_0.status=?
Hibernate: 
    select
        t1_0.id,
        t1_0.active,
        t1_0.code,
        t1_0.created_at,
        t1_0.deadline,
        t1_0.department_id,
        t1_0.description,
        t1_0.priority,
        t1_0.semester,
        t1_0.title,
        t1_0.type,
        t1_0.weekly_hours 
    from
        tasks t1_0 
    where
        t1_0.id=?
Hibernate: 
    select
        t1_0.id,
        t1_0.active,
        t1_0.code,
        t1_0.created_at,
        t1_0.deadline,
        t1_0.department_id,
        t1_0.description,
        t1_0.priority,
        t1_0.semester,
        t1_0.title,
        t1_0.type,
        t1_0.weekly_hours 
    from
        tasks t1_0 
    where
        t1_0.id=?
Hibernate: 
    select
        coalesce(sum(t1_0.weekly_hours), 0) 
    from
        task_assignments ta1_0 
    join
        tasks t1_0 
            on t1_0.id=ta1_0.task_id 
    where
        ta1_0.faculty_id=? 
        and ta1_0.status='ACTIVE'
Hibernate: 
    select
        ta1_0.id,
        ta1_0.assigned_at,
        ta1_0.closed_at,
        ta1_0.closed_reason,
        ta1_0.faculty_id,
        ta1_0.status,
        ta1_0.task_id 
    from
        task_assignments ta1_0 
    join
        faculty_profiles f1_0 
            on f1_0.id=ta1_0.faculty_id 
    where
        f1_0.id=? 
        and ta1_0.status=?
Hibernate: 
    select
        t1_0.id,
        t1_0.active,
        t1_0.code,
        t1_0.created_at,
        t1_0.deadline,
        t1_0.department_id,
        t1_0.description,
        t1_0.priority,
        t1_0.semester,
        t1_0.title,
        t1_0.type,
        t1_0.weekly_hours 
    from
        tasks t1_0 
    where
        t1_0.id=?
Hibernate: 
    select
        t1_0.id,
        t1_0.active,
        t1_0.code,
        t1_0.created_at,
        t1_0.deadline,
        t1_0.department_id,
        t1_0.description,
        t1_0.priority,
        t1_0.semester,
        t1_0.title,
        t1_0.type,
        t1_0.weekly_hours 
    from
        tasks t1_0 
    where
        t1_0.id=?
Hibernate: 
    select
        t1_0.id,
        t1_0.active,
        t1_0.code,
        t1_0.created_at,
        t1_0.deadline,
        t1_0.department_id,
        t1_0.description,
        t1_0.priority,
        t1_0.semester,
        t1_0.title,
        t1_0.type,
        t1_0.weekly_hours 
    from
        tasks t1_0 
    where
        t1_0.id=?
Hibernate: 
    select
        t1_0.id,
        t1_0.active,
        t1_0.code,
        t1_0.created_at,
        t1_0.deadline,
        t1_0.department_id,
        t1_0.description,
        t1_0.priority,
        t1_0.semester,
        t1_0.title,
        t1_0.type,
        t1_0.weekly_hours 
    from
        tasks t1_0 
    where
        t1_0.id=?
Hibernate: 
    select
        coalesce(sum(t1_0.weekly_hours), 0) 
    from
        task_assignments ta1_0 
    join
        tasks t1_0 
            on t1_0.id=ta1_0.task_id 
    where
        ta1_0.faculty_id=? 
        and ta1_0.status='ACTIVE'
Hibernate: 
    select
        ta1_0.id,
        ta1_0.assigned_at,
        ta1_0.closed_at,
        ta1_0.closed_reason,
        ta1_0.faculty_id,
        ta1_0.status,
        ta1_0.task_id 
    from
        task_assignments ta1_0 
    join
        faculty_profiles f1_0 
            on f1_0.id=ta1_0.faculty_id 
    where
        f1_0.id=? 
        and ta1_0.status=?
Hibernate: 
    select
        t1_0.id,
        t1_0.active,
        t1_0.code,
        t1_0.created_at,
        t1_0.deadline,
        t1_0.department_id,
        t1_0.description,
        t1_0.priority,
        t1_0.semester,
        t1_0.title,
        t1_0.type,
        t1_0.weekly_hours 
    from
        tasks t1_0 
    where
        t1_0.id=?
Hibernate: 
    select
        t1_0.id,
        t1_0.active,
        t1_0.code,
        t1_0.created_at,
        t1_0.deadline,
        t1_0.department_id,
        t1_0.description,
        t1_0.priority,
        t1_0.semester,
        t1_0.title,
        t1_0.type,
        t1_0.weekly_hours 
    from
        tasks t1_0 
    where
        t1_0.id=?
Hibernate: 
    select
        t1_0.id,
        t1_0.active,
        t1_0.code,
        t1_0.created_at,
        t1_0.deadline,
        t1_0.department_id,
        t1_0.description,
        t1_0.priority,
        t1_0.semester,
        t1_0.title,
        t1_0.type,
        t1_0.weekly_hours 
    from
        tasks t1_0 
    where
        t1_0.id=?
Hibernate: 
    select
        s1_0.faculty_id,
        s1_1.id,
        s1_1.name 
    from
        faculty_skills s1_0 
    join
        skills s1_1 
            on s1_1.id=s1_0.skill_id 
    where
        s1_0.faculty_id=?
Hibernate: 
    select
        i1_0.faculty_id,
        i1_0.interest 
    from
        faculty_interests i1_0 
    where
        i1_0.faculty_id=?
Hibernate: 
    select
        coalesce(sum(t1_0.weekly_hours), 0) 
    from
        task_assignments ta1_0 
    join
        tasks t1_0 
            on t1_0.id=ta1_0.task_id 
    where
        ta1_0.faculty_id=? 
        and ta1_0.status='ACTIVE'
Hibernate: 
    select
        ta1_0.id,
        ta1_0.assigned_at,
        ta1_0.closed_at,
        ta1_0.closed_reason,
        ta1_0.faculty_id,
        ta1_0.status,
        ta1_0.task_id 
    from
        task_assignments ta1_0 
    join
        faculty_profiles f1_0 
            on f1_0.id=ta1_0.faculty_id 
    where
        f1_0.id=? 
        and ta1_0.status=?
Hibernate: 
    select
        t1_0.id,
        t1_0.active,
        t1_0.code,
        t1_0.created_at,
        t1_0.deadline,
        t1_0.department_id,
        t1_0.description,
        t1_0.priority,
        t1_0.semester,
        t1_0.title,
        t1_0.type,
        t1_0.weekly_hours 
    from
        tasks t1_0 
    where
        t1_0.id=?
Hibernate: 
    select
        t1_0.id,
        t1_0.active,
        t1_0.code,
        t1_0.created_at,
        t1_0.deadline,
        t1_0.department_id,
        t1_0.description,
        t1_0.priority,
        t1_0.semester,
        t1_0.title,
        t1_0.type,
        t1_0.weekly_hours 
    from
        tasks t1_0 
    where
        t1_0.id=?
Hibernate: 
    select
        t1_0.id,
        t1_0.active,
        t1_0.code,
        t1_0.created_at,
        t1_0.deadline,
        t1_0.department_id,
        t1_0.description,
        t1_0.priority,
        t1_0.semester,
        t1_0.title,
        t1_0.type,
        t1_0.weekly_hours 
    from
        tasks t1_0 
    where
        t1_0.id=?
Hibernate: 
    select
        s1_0.faculty_id,
        s1_1.id,
        s1_1.name 
    from
        faculty_skills s1_0 
    join
        skills s1_1 
            on s1_1.id=s1_0.skill_id 
    where
        s1_0.faculty_id=?
Hibernate: 
    select
        i1_0.faculty_id,
        i1_0.interest 
    from
        faculty_interests i1_0 
    where
        i1_0.faculty_id=?
Hibernate: 
    select
        coalesce(sum(t1_0.weekly_hours), 0) 
    from
        task_assignments ta1_0 
    join
        tasks t1_0 
            on t1_0.id=ta1_0.task_id 
    where
        ta1_0.faculty_id=? 
        and ta1_0.status='ACTIVE'
Hibernate: 
    select
        ta1_0.id,
        ta1_0.assigned_at,
        ta1_0.closed_at,
        ta1_0.closed_reason,
        ta1_0.faculty_id,
        ta1_0.status,
        ta1_0.task_id 
    from
        task_assignments ta1_0 
    join
        faculty_profiles f1_0 
            on f1_0.id=ta1_0.faculty_id 
    where
        f1_0.id=? 
        and ta1_0.status=?
Hibernate: 
    select
        t1_0.id,
        t1_0.active,
        t1_0.code,
        t1_0.created_at,
        t1_0.deadline,
        t1_0.department_id,
        t1_0.description,
        t1_0.priority,
        t1_0.semester,
        t1_0.title,
        t1_0.type,
        t1_0.weekly_hours 
    from
        tasks t1_0 
    where
        t1_0.id=?
Hibernate: 
    select
        t1_0.id,
        t1_0.active,
        t1_0.code,
        t1_0.created_at,
        t1_0.deadline,
        t1_0.department_id,
        t1_0.description,
        t1_0.priority,
        t1_0.semester,
        t1_0.title,
        t1_0.type,
        t1_0.weekly_hours 
    from
        tasks t1_0 
    where
        t1_0.id=?
Hibernate: 
    select
        t1_0.id,
        t1_0.active,
        t1_0.code,
        t1_0.created_at,
        t1_0.deadline,
        t1_0.department_id,
        t1_0.description,
        t1_0.priority,
        t1_0.semester,
        t1_0.title,
        t1_0.type,
        t1_0.weekly_hours 
    from
        tasks t1_0 
    where
        t1_0.id=?
Hibernate: 
    select
        s1_0.faculty_id,
        s1_1.id,
        s1_1.name 
    from
        faculty_skills s1_0 
    join
        skills s1_1 
            on s1_1.id=s1_0.skill_id 
    where
        s1_0.faculty_id=?
Hibernate: 
    select
        i1_0.faculty_id,
        i1_0.interest 
    from
        faculty_interests i1_0 
    where
        i1_0.faculty_id=?
Hibernate: 
    select
        ta1_0.id,
        ta1_0.assigned_at,
        ta1_0.closed_at,
        ta1_0.closed_reason,
        ta1_0.faculty_id,
        ta1_0.status,
        ta1_0.task_id 
    from
        task_assignments ta1_0 
    join
        tasks t1_0 
            on t1_0.id=ta1_0.task_id 
    where
        t1_0.id=? 
        and ta1_0.status=?
Hibernate: 
    select
        d1_0.id,
        d1_0.code,
        d1_0.created_at,
        d1_0.name 
    from
        departments d1_0 
    where
        d1_0.id=?
Hibernate: 
    select
        coalesce(sum(t1_0.weekly_hours), 0) 
    from
        task_assignments ta1_0 
    join
        tasks t1_0 
            on t1_0.id=ta1_0.task_id 
    where
        ta1_0.faculty_id=? 
        and ta1_0.status='ACTIVE'
Hibernate: 
    select
        ta1_0.id,
        ta1_0.assigned_at,
        ta1_0.closed_at,
        ta1_0.closed_reason,
        ta1_0.faculty_id,
        ta1_0.status,
        ta1_0.task_id 
    from
        task_assignments ta1_0 
    join
        faculty_profiles f1_0 
            on f1_0.id=ta1_0.faculty_id 
    where
        f1_0.id=? 
        and ta1_0.status=?
Hibernate: 
    select
        coalesce(sum(t1_0.weekly_hours), 0) 
    from
        task_assignments ta1_0 
    join
        tasks t1_0 
            on t1_0.id=ta1_0.task_id 
    where
        ta1_0.faculty_id=? 
        and ta1_0.status='ACTIVE'
Hibernate: 
    select
        ta1_0.id,
        ta1_0.assigned_at,
        ta1_0.closed_at,
        ta1_0.closed_reason,
        ta1_0.faculty_id,
        ta1_0.status,
        ta1_0.task_id 
    from
        task_assignments ta1_0 
    join
        faculty_profiles f1_0 
            on f1_0.id=ta1_0.faculty_id 
    where
        f1_0.id=? 
        and ta1_0.status=?
Hibernate: 
    select
        coalesce(sum(t1_0.weekly_hours), 0) 
    from
        task_assignments ta1_0 
    join
        tasks t1_0 
            on t1_0.id=ta1_0.task_id 
    where
        ta1_0.faculty_id=? 
        and ta1_0.status='ACTIVE'
Hibernate: 
    select
        ta1_0.id,
        ta1_0.assigned_at,
        ta1_0.closed_at,
        ta1_0.closed_reason,
        ta1_0.faculty_id,
        ta1_0.status,
        ta1_0.task_id 
    from
        task_assignments ta1_0 
    join
        faculty_profiles f1_0 
            on f1_0.id=ta1_0.faculty_id 
    where
        f1_0.id=? 
        and ta1_0.status=?
Hibernate: 
    select
        coalesce(sum(t1_0.weekly_hours), 0) 
    from
        task_assignments ta1_0 
    join
        tasks t1_0 
            on t1_0.id=ta1_0.task_id 
    where
        ta1_0.faculty_id=? 
        and ta1_0.status='ACTIVE'
Hibernate: 
    select
        ta1_0.id,
        ta1_0.assigned_at,
        ta1_0.closed_at,
        ta1_0.closed_reason,
        ta1_0.faculty_id,
        ta1_0.status,
        ta1_0.task_id 
    from
        task_assignments ta1_0 
    join
        faculty_profiles f1_0 
            on f1_0.id=ta1_0.faculty_id 
    where
        f1_0.id=? 
        and ta1_0.status=?
Hibernate: 
    select
        ta1_0.id,
        ta1_0.assigned_at,
        ta1_0.closed_at,
        ta1_0.closed_reason,
        ta1_0.faculty_id,
        ta1_0.status,
        ta1_0.task_id 
    from
        task_assignments ta1_0 
    join
        faculty_profiles f1_0 
            on f1_0.id=ta1_0.faculty_id 
    where
        f1_0.id=? 
        and ta1_0.status=?
Hibernate: 
    select
        fp1_0.id,
        fp1_0.avatar_url,
        fp1_0.created_at,
        fp1_0.department_id,
        fp1_0.designation,
        fp1_0.experience_years,
        fp1_0.max_workload_hours,
        fp1_0.office,
        fp1_0.phone,
        fp1_0.research_area,
        fp1_0.updated_at,
        fp1_0.user_id 
    from
        faculty_profiles fp1_0
Hibernate: 
    select
        coalesce(sum(t1_0.weekly_hours), 0) 
    from
        task_assignments ta1_0 
    join
        tasks t1_0 
            on t1_0.id=ta1_0.task_id 
    where
        ta1_0.faculty_id=? 
        and ta1_0.status='ACTIVE'
Hibernate: 
    select
        ta1_0.id,
        ta1_0.assigned_at,
        ta1_0.closed_at,
        ta1_0.closed_reason,
        ta1_0.faculty_id,
        ta1_0.status,
        ta1_0.task_id 
    from
        task_assignments ta1_0 
    join
        faculty_profiles f1_0 
            on f1_0.id=ta1_0.faculty_id 
    where
        f1_0.id=? 
        and ta1_0.status=?
Hibernate: 
    select
        coalesce(sum(t1_0.weekly_hours), 0) 
    from
        task_assignments ta1_0 
    join
        tasks t1_0 
            on t1_0.id=ta1_0.task_id 
    where
        ta1_0.faculty_id=? 
        and ta1_0.status='ACTIVE'
Hibernate: 
    select
        ta1_0.id,
        ta1_0.assigned_at,
        ta1_0.closed_at,
        ta1_0.closed_reason,
        ta1_0.faculty_id,
        ta1_0.status,
        ta1_0.task_id 
    from
        task_assignments ta1_0 
    join
        faculty_profiles f1_0 
            on f1_0.id=ta1_0.faculty_id 
    where
        f1_0.id=? 
        and ta1_0.status=?
Hibernate: 
    select
        coalesce(sum(t1_0.weekly_hours), 0) 
    from
        task_assignments ta1_0 
    join
        tasks t1_0 
            on t1_0.id=ta1_0.task_id 
    where
        ta1_0.faculty_id=? 
        and ta1_0.status='ACTIVE'
Hibernate: 
    select
        ta1_0.id,
        ta1_0.assigned_at,
        ta1_0.closed_at,
        ta1_0.closed_reason,
        ta1_0.faculty_id,
        ta1_0.status,
        ta1_0.task_id 
    from
        task_assignments ta1_0 
    join
        faculty_profiles f1_0 
            on f1_0.id=ta1_0.faculty_id 
    where
        f1_0.id=? 
        and ta1_0.status=?
Hibernate: 
    select
        rs1_0.task_id,
        rs1_1.id,
        rs1_1.name 
    from
        task_required_skills rs1_0 
    join
        skills rs1_1 
            on rs1_1.id=rs1_0.skill_id 
    where
        rs1_0.task_id=?
Hibernate: 
    select
        coalesce(sum(t1_0.weekly_hours), 0) 
    from
        task_assignments ta1_0 
    join
        tasks t1_0 
            on t1_0.id=ta1_0.task_id 
    where
        ta1_0.faculty_id=? 
        and ta1_0.status='ACTIVE'
Hibernate: 
    select
        ta1_0.id,
        ta1_0.assigned_at,
        ta1_0.closed_at,
        ta1_0.closed_reason,
        ta1_0.faculty_id,
        ta1_0.status,
        ta1_0.task_id 
    from
        task_assignments ta1_0 
    join
        faculty_profiles f1_0 
            on f1_0.id=ta1_0.faculty_id 
    where
        f1_0.id=? 
        and ta1_0.status=?
Hibernate: 
    select
        coalesce(sum(t1_0.weekly_hours), 0) 
    from
        task_assignments ta1_0 
    join
        tasks t1_0 
            on t1_0.id=ta1_0.task_id 
    where
        ta1_0.faculty_id=? 
        and ta1_0.status='ACTIVE'
Hibernate: 
    select
        ta1_0.id,
        ta1_0.assigned_at,
        ta1_0.closed_at,
        ta1_0.closed_reason,
        ta1_0.faculty_id,
        ta1_0.status,
        ta1_0.task_id 
    from
        task_assignments ta1_0 
    join
        faculty_profiles f1_0 
            on f1_0.id=ta1_0.faculty_id 
    where
        f1_0.id=? 
        and ta1_0.status=?
Hibernate: 
    select
        coalesce(sum(t1_0.weekly_hours), 0) 
    from
        task_assignments ta1_0 
    join
        tasks t1_0 
            on t1_0.id=ta1_0.task_id 
    where
        ta1_0.faculty_id=? 
        and ta1_0.status='ACTIVE'
Hibernate: 
    select
        ta1_0.id,
        ta1_0.assigned_at,
        ta1_0.closed_at,
        ta1_0.closed_reason,
        ta1_0.faculty_id,
        ta1_0.status,
        ta1_0.task_id 
    from
        task_assignments ta1_0 
    join
        faculty_profiles f1_0 
            on f1_0.id=ta1_0.faculty_id 
    where
        f1_0.id=? 
        and ta1_0.status=?
Hibernate: 
    select
        coalesce(sum(t1_0.weekly_hours), 0) 
    from
        task_assignments ta1_0 
    join
        tasks t1_0 
            on t1_0.id=ta1_0.task_id 
    where
        ta1_0.faculty_id=? 
        and ta1_0.status='ACTIVE'
Hibernate: 
    select
        ta1_0.id,
        ta1_0.assigned_at,
        ta1_0.closed_at,
        ta1_0.closed_reason,
        ta1_0.faculty_id,
        ta1_0.status,
        ta1_0.task_id 
    from
        task_assignments ta1_0 
    join
        faculty_profiles f1_0 
            on f1_0.id=ta1_0.faculty_id 
    where
        f1_0.id=? 
        and ta1_0.status=?
Hibernate: 
    select
        ta1_0.id,
        ta1_0.assigned_at,
        ta1_0.closed_at,
        ta1_0.closed_reason,
        ta1_0.faculty_id,
        ta1_0.status,
        ta1_0.task_id 
    from
        task_assignments ta1_0 
    join
        tasks t1_0 
            on t1_0.id=ta1_0.task_id 
    where
        t1_0.id=? 
        and ta1_0.status=?
Hibernate: 
    select
        coalesce(sum(t1_0.weekly_hours), 0) 
    from
        task_assignments ta1_0 
    join
        tasks t1_0 
            on t1_0.id=ta1_0.task_id 
    where
        ta1_0.faculty_id=? 
        and ta1_0.status='ACTIVE'
Hibernate: 
    select
        ta1_0.id,
        ta1_0.assigned_at,
        ta1_0.closed_at,
        ta1_0.closed_reason,
        ta1_0.faculty_id,
        ta1_0.status,
        ta1_0.task_id 
    from
        task_assignments ta1_0 
    join
        faculty_profiles f1_0 
            on f1_0.id=ta1_0.faculty_id 
    where
        f1_0.id=? 
        and ta1_0.status=?
Hibernate: 
    select
        coalesce(sum(t1_0.weekly_hours), 0) 
    from
        task_assignments ta1_0 
    join
        tasks t1_0 
            on t1_0.id=ta1_0.task_id 
    where
        ta1_0.faculty_id=? 
        and ta1_0.status='ACTIVE'
Hibernate: 
    select
        ta1_0.id,
        ta1_0.assigned_at,
        ta1_0.closed_at,
        ta1_0.closed_reason,
        ta1_0.faculty_id,
        ta1_0.status,
        ta1_0.task_id 
    from
        task_assignments ta1_0 
    join
        faculty_profiles f1_0 
            on f1_0.id=ta1_0.faculty_id 
    where
        f1_0.id=? 
        and ta1_0.status=?
Hibernate: 
    select
        coalesce(sum(t1_0.weekly_hours), 0) 
    from
        task_assignments ta1_0 
    join
        tasks t1_0 
            on t1_0.id=ta1_0.task_id 
    where
        ta1_0.faculty_id=? 
        and ta1_0.status='ACTIVE'
Hibernate: 
    select
        ta1_0.id,
        ta1_0.assigned_at,
        ta1_0.closed_at,
        ta1_0.closed_reason,
        ta1_0.faculty_id,
        ta1_0.status,
        ta1_0.task_id 
    from
        task_assignments ta1_0 
    join
        faculty_profiles f1_0 
            on f1_0.id=ta1_0.faculty_id 
    where
        f1_0.id=? 
        and ta1_0.status=?
Hibernate: 
    select
        coalesce(sum(t1_0.weekly_hours), 0) 
    from
        task_assignments ta1_0 
    join
        tasks t1_0 
            on t1_0.id=ta1_0.task_id 
    where
        ta1_0.faculty_id=? 
        and ta1_0.status='ACTIVE'
Hibernate: 
    select
        coalesce(sum(t1_0.weekly_hours), 0) 
    from
        task_assignments ta1_0 
    join
        tasks t1_0 
            on t1_0.id=ta1_0.task_id 
    where
        ta1_0.faculty_id=? 
        and ta1_0.status='ACTIVE'
Hibernate: 
    select
        coalesce(sum(t1_0.weekly_hours), 0) 
    from
        task_assignments ta1_0 
    join
        tasks t1_0 
            on t1_0.id=ta1_0.task_id 
    where
        ta1_0.faculty_id=? 
        and ta1_0.status='ACTIVE'
Hibernate: 
    select
        coalesce(sum(t1_0.weekly_hours), 0) 
    from
        task_assignments ta1_0 
    join
        tasks t1_0 
            on t1_0.id=ta1_0.task_id 
    where
        ta1_0.faculty_id=? 
        and ta1_0.status='ACTIVE'
Hibernate: 
    select
        fp1_0.id,
        fp1_0.avatar_url,
        fp1_0.created_at,
        fp1_0.department_id,
        fp1_0.designation,
        fp1_0.experience_years,
        fp1_0.max_workload_hours,
        fp1_0.office,
        fp1_0.phone,
        fp1_0.research_area,
        fp1_0.updated_at,
        fp1_0.user_id 
    from
        faculty_profiles fp1_0 
    where
        fp1_0.id=? for update
Hibernate: 
    select
        fp1_0.id,
        fp1_0.avatar_url,
        fp1_0.created_at,
        fp1_0.department_id,
        fp1_0.designation,
        fp1_0.experience_years,
        fp1_0.max_workload_hours,
        fp1_0.office,
        fp1_0.phone,
        fp1_0.research_area,
        fp1_0.updated_at,
        fp1_0.user_id 
    from
        faculty_profiles fp1_0 
    where
        fp1_0.id=? for update
Hibernate: 
    select
        ta1_0.id,
        ta1_0.assigned_at,
        ta1_0.closed_at,
        ta1_0.closed_reason,
        ta1_0.faculty_id,
        ta1_0.status,
        ta1_0.task_id 
    from
        task_assignments ta1_0 
    join
        tasks t1_0 
            on t1_0.id=ta1_0.task_id 
    where
        t1_0.id=? 
        and ta1_0.status=?
Hibernate: 
    select
        coalesce(sum(t1_0.weekly_hours), 0) 
    from
        task_assignments ta1_0 
    join
        tasks t1_0 
            on t1_0.id=ta1_0.task_id 
    where
        ta1_0.faculty_id=? 
        and ta1_0.status='ACTIVE'
Hibernate: 
    select
        coalesce(sum(t1_0.weekly_hours), 0) 
    from
        task_assignments ta1_0 
    join
        tasks t1_0 
            on t1_0.id=ta1_0.task_id 
    where
        ta1_0.faculty_id=? 
        and ta1_0.status='ACTIVE'
Hibernate: 
    select
        ta1_0.id,
        ta1_0.assigned_at,
        ta1_0.closed_at,
        ta1_0.closed_reason,
        ta1_0.faculty_id,
        ta1_0.status,
        ta1_0.task_id 
    from
        task_assignments ta1_0 
    join
        tasks t1_0 
            on t1_0.id=ta1_0.task_id 
    where
        t1_0.id=? 
        and ta1_0.status=?
Hibernate: 
    select
        fp1_0.id,
        fp1_0.avatar_url,
        fp1_0.created_at,
        fp1_0.department_id,
        fp1_0.designation,
        fp1_0.experience_years,
        fp1_0.max_workload_hours,
        fp1_0.office,
        fp1_0.phone,
        fp1_0.research_area,
        fp1_0.updated_at,
        fp1_0.user_id 
    from
        faculty_profiles fp1_0 
    where
        fp1_0.id=? for update
Hibernate: 
    select
        fp1_0.id,
        fp1_0.avatar_url,
        fp1_0.created_at,
        fp1_0.department_id,
        fp1_0.designation,
        fp1_0.experience_years,
        fp1_0.max_workload_hours,
        fp1_0.office,
        fp1_0.phone,
        fp1_0.research_area,
        fp1_0.updated_at,
        fp1_0.user_id 
    from
        faculty_profiles fp1_0 
    where
        fp1_0.id=? for update
Hibernate: 
    select
        coalesce(sum(t1_0.weekly_hours), 0) 
    from
        task_assignments ta1_0 
    join
        tasks t1_0 
            on t1_0.id=ta1_0.task_id 
    where
        ta1_0.faculty_id=? 
        and ta1_0.status='ACTIVE'
Hibernate: 
    insert 
    into
        recommendations
        (created_at, overloaded_faculty_id, reason, reviewed_at, status, id) 
    values
        (?, ?, ?, ?, ?, ?)
Hibernate: 
    insert 
    into
        recommendation_items
        (match_score, projected_source_hours, projected_target_hours, recommendation_id, status, target_faculty_id, task_id, id) 
    values
        (?, ?, ?, ?, ?, ?, ?, ?)
Hibernate: 
    insert 
    into
        audit_logs
        (action, created_at, details, entity_id, entity_type, performed_by, id) 
    values
        (?, ?, ?, ?, ?, ?, ?)
Hibernate: 
    insert 
    into
        recommendations
        (created_at, overloaded_faculty_id, reason, reviewed_at, status, id) 
    values
        (?, ?, ?, ?, ?, ?)
Hibernate: 
    insert 
    into
        recommendation_items
        (match_score, projected_source_hours, projected_target_hours, recommendation_id, status, target_faculty_id, task_id, id) 
    values
        (?, ?, ?, ?, ?, ?, ?, ?)
Hibernate: 
    insert 
    into
        audit_logs
        (action, created_at, details, entity_id, entity_type, performed_by, id) 
    values
[...]
        t1_0.weekly_hours 
    from
        tasks t1_0 
    where
        t1_0.id=?
Hibernate: 
    select
        t1_0.id,
        t1_0.active,
        t1_0.code,
        t1_0.created_at,
        t1_0.deadline,
        t1_0.department_id,
        t1_0.description,
        t1_0.priority,
        t1_0.semester,
        t1_0.title,
        t1_0.type,
        t1_0.weekly_hours 
    from
        tasks t1_0 
    where
        t1_0.id=?
Hibernate: 
    select
        coalesce(sum(t1_0.weekly_hours), 0) 
    from
        task_assignments ta1_0 
    join
        tasks t1_0 
            on t1_0.id=ta1_0.task_id 
    where
        ta1_0.faculty_id=? 
        and ta1_0.status='ACTIVE'
Hibernate: 
    select
        ta1_0.id,
        ta1_0.assigned_at,
        ta1_0.closed_at,
        ta1_0.closed_reason,
        ta1_0.faculty_id,
        ta1_0.status,
        ta1_0.task_id 
    from
        task_assignments ta1_0 
    join
        faculty_profiles f1_0 
            on f1_0.id=ta1_0.faculty_id 
    where
        f1_0.id=? 
        and ta1_0.status=?
Hibernate: 
    select
        t1_0.id,
        t1_0.active,
        t1_0.code,
        t1_0.created_at,
        t1_0.deadline,
        t1_0.department_id,
        t1_0.description,
        t1_0.priority,
        t1_0.semester,
        t1_0.title,
        t1_0.type,
        t1_0.weekly_hours 
    from
        tasks t1_0 
    where
        t1_0.id=?
Hibernate: 
    select
        t1_0.id,
        t1_0.active,
        t1_0.code,
        t1_0.created_at,
        t1_0.deadline,
        t1_0.department_id,
        t1_0.description,
        t1_0.priority,
        t1_0.semester,
        t1_0.title,
        t1_0.type,
        t1_0.weekly_hours 
    from
        tasks t1_0 
    where
        t1_0.id=?
Hibernate: 
    select
        t1_0.id,
        t1_0.active,
        t1_0.code,
        t1_0.created_at,
        t1_0.deadline,
        t1_0.department_id,
        t1_0.description,
        t1_0.priority,
        t1_0.semester,
        t1_0.title,
        t1_0.type,
        t1_0.weekly_hours 
    from
        tasks t1_0 
    where
        t1_0.id=?
Hibernate: 
    select
        s1_0.faculty_id,
        s1_1.id,
        s1_1.name 
    from
        faculty_skills s1_0 
    join
        skills s1_1 
            on s1_1.id=s1_0.skill_id 
    where
        s1_0.faculty_id=?
Hibernate: 
    select
        i1_0.faculty_id,
        i1_0.interest 
    from
        faculty_interests i1_0 
    where
        i1_0.faculty_id=?
Hibernate: 
    select
        coalesce(sum(t1_0.weekly_hours), 0) 
    from
        task_assignments ta1_0 
    join
        tasks t1_0 
            on t1_0.id=ta1_0.task_id 
    where
        ta1_0.faculty_id=? 
        and ta1_0.status='ACTIVE'
Hibernate: 
    select
        ta1_0.id,
        ta1_0.assigned_at,
        ta1_0.closed_at,
        ta1_0.closed_reason,
        ta1_0.faculty_id,
        ta1_0.status,
        ta1_0.task_id 
    from
        task_assignments ta1_0 
    join
        faculty_profiles f1_0 
            on f1_0.id=ta1_0.faculty_id 
    where
        f1_0.id=? 
        and ta1_0.status=?
Hibernate: 
    select
        t1_0.id,
        t1_0.active,
        t1_0.code,
        t1_0.created_at,
        t1_0.deadline,
        t1_0.department_id,
        t1_0.description,
        t1_0.priority,
        t1_0.semester,
        t1_0.title,
        t1_0.type,
        t1_0.weekly_hours 
    from
        tasks t1_0 
    where
        t1_0.id=?
Hibernate: 
    select
        t1_0.id,
        t1_0.active,
        t1_0.code,
        t1_0.created_at,
        t1_0.deadline,
        t1_0.department_id,
        t1_0.description,
        t1_0.priority,
        t1_0.semester,
        t1_0.title,
        t1_0.type,
        t1_0.weekly_hours 
    from
        tasks t1_0 
    where
        t1_0.id=?
Hibernate: 
    select
        t1_0.id,
        t1_0.active,
        t1_0.code,
        t1_0.created_at,
        t1_0.deadline,
        t1_0.department_id,
        t1_0.description,
        t1_0.priority,
        t1_0.semester,
        t1_0.title,
        t1_0.type,
        t1_0.weekly_hours 
    from
        tasks t1_0 
    where
        t1_0.id=?
Hibernate: 
    select
        s1_0.faculty_id,
        s1_1.id,
        s1_1.name 
    from
        faculty_skills s1_0 
    join
        skills s1_1 
            on s1_1.id=s1_0.skill_id 
    where
        s1_0.faculty_id=?
Hibernate: 
    select
        i1_0.faculty_id,
        i1_0.interest 
    from
        faculty_interests i1_0 
    where
        i1_0.faculty_id=?
Hibernate: 
    select
        coalesce(sum(t1_0.weekly_hours), 0) 
    from
        task_assignments ta1_0 
    join
        tasks t1_0 
            on t1_0.id=ta1_0.task_id 
    where
        ta1_0.faculty_id=? 
        and ta1_0.status='ACTIVE'
Hibernate: 
    select
        ta1_0.id,
        ta1_0.assigned_at,
        ta1_0.closed_at,
        ta1_0.closed_reason,
        ta1_0.faculty_id,
        ta1_0.status,
        ta1_0.task_id 
    from
        task_assignments ta1_0 
    join
        faculty_profiles f1_0 
            on f1_0.id=ta1_0.faculty_id 
    where
        f1_0.id=? 
        and ta1_0.status=?
Hibernate: 
    select
        t1_0.id,
        t1_0.active,
        t1_0.code,
        t1_0.created_at,
        t1_0.deadline,
        t1_0.department_id,
        t1_0.description,
        t1_0.priority,
        t1_0.semester,
        t1_0.title,
        t1_0.type,
        t1_0.weekly_hours 
    from
        tasks t1_0 
    where
        t1_0.id=?
Hibernate: 
    select
        t1_0.id,
        t1_0.active,
        t1_0.code,
        t1_0.created_at,
        t1_0.deadline,
        t1_0.department_id,
        t1_0.description,
        t1_0.priority,
        t1_0.semester,
        t1_0.title,
        t1_0.type,
        t1_0.weekly_hours 
    from
        tasks t1_0 
    where
        t1_0.id=?
Hibernate: 
    select
        t1_0.id,
        t1_0.active,
        t1_0.code,
        t1_0.created_at,
        t1_0.deadline,
        t1_0.department_id,
        t1_0.description,
        t1_0.priority,
        t1_0.semester,
        t1_0.title,
        t1_0.type,
        t1_0.weekly_hours 
    from
        tasks t1_0 
    where
        t1_0.id=?
Hibernate: 
    select
        s1_0.faculty_id,
        s1_1.id,
        s1_1.name 
    from
        faculty_skills s1_0 
    join
        skills s1_1 
            on s1_1.id=s1_0.skill_id 
    where
        s1_0.faculty_id=?
Hibernate: 
    select
        i1_0.faculty_id,
        i1_0.interest 
    from
        faculty_interests i1_0 
    where
        i1_0.faculty_id=?
Hibernate: 
    select
        ta1_0.id,
        ta1_0.assigned_at,
        ta1_0.closed_at,
        ta1_0.closed_reason,
        ta1_0.faculty_id,
        ta1_0.status,
        ta1_0.task_id 
    from
        task_assignments ta1_0 
    join
        tasks t1_0 
            on t1_0.id=ta1_0.task_id 
    where
        t1_0.id=? 
        and ta1_0.status=?
Hibernate: 
    select
        d1_0.id,
        d1_0.code,
        d1_0.created_at,
        d1_0.name 
    from
        departments d1_0 
    where
        d1_0.id=?
Hibernate: 
    select
        coalesce(sum(t1_0.weekly_hours), 0) 
    from
        task_assignments ta1_0 
    join
        tasks t1_0 
            on t1_0.id=ta1_0.task_id 
    where
        ta1_0.faculty_id=? 
        and ta1_0.status='ACTIVE'
Hibernate: 
    select
        ta1_0.id,
        ta1_0.assigned_at,
        ta1_0.closed_at,
        ta1_0.closed_reason,
        ta1_0.faculty_id,
        ta1_0.status,
        ta1_0.task_id 
    from
        task_assignments ta1_0 
    join
        faculty_profiles f1_0 
            on f1_0.id=ta1_0.faculty_id 
    where
        f1_0.id=? 
        and ta1_0.status=?
Hibernate: 
    select
        coalesce(sum(t1_0.weekly_hours), 0) 
    from
        task_assignments ta1_0 
    join
        tasks t1_0 
            on t1_0.id=ta1_0.task_id 
    where
        ta1_0.faculty_id=? 
        and ta1_0.status='ACTIVE'
Hibernate: 
    select
        ta1_0.id,
        ta1_0.assigned_at,
        ta1_0.closed_at,
        ta1_0.closed_reason,
        ta1_0.faculty_id,
        ta1_0.status,
        ta1_0.task_id 
    from
        task_assignments ta1_0 
    join
        faculty_profiles f1_0 
            on f1_0.id=ta1_0.faculty_id 
    where
        f1_0.id=? 
        and ta1_0.status=?
Hibernate: 
    select
        coalesce(sum(t1_0.weekly_hours), 0) 
    from
        task_assignments ta1_0 
    join
        tasks t1_0 
            on t1_0.id=ta1_0.task_id 
    where
        ta1_0.faculty_id=? 
        and ta1_0.status='ACTIVE'
Hibernate: 
    select
        ta1_0.id,
        ta1_0.assigned_at,
        ta1_0.closed_at,
        ta1_0.closed_reason,
        ta1_0.faculty_id,
        ta1_0.status,
        ta1_0.task_id 
    from
        task_assignments ta1_0 
    join
        faculty_profiles f1_0 
            on f1_0.id=ta1_0.faculty_id 
    where
        f1_0.id=? 
        and ta1_0.status=?
Hibernate: 
    select
        coalesce(sum(t1_0.weekly_hours), 0) 
    from
        task_assignments ta1_0 
    join
        tasks t1_0 
            on t1_0.id=ta1_0.task_id 
    where
        ta1_0.faculty_id=? 
        and ta1_0.status='ACTIVE'
Hibernate: 
    select
        ta1_0.id,
        ta1_0.assigned_at,
        ta1_0.closed_at,
        ta1_0.closed_reason,
        ta1_0.faculty_id,
        ta1_0.status,
        ta1_0.task_id 
    from
        task_assignments ta1_0 
    join
        faculty_profiles f1_0 
            on f1_0.id=ta1_0.faculty_id 
    where
        f1_0.id=? 
        and ta1_0.status=?
Hibernate: 
    select
        ta1_0.id,
        ta1_0.assigned_at,
        ta1_0.closed_at,
        ta1_0.closed_reason,
        ta1_0.faculty_id,
        ta1_0.status,
        ta1_0.task_id 
    from
        task_assignments ta1_0 
    join
        faculty_profiles f1_0 
            on f1_0.id=ta1_0.faculty_id 
    where
        f1_0.id=? 
        and ta1_0.status=?
Hibernate: 
    select
        fp1_0.id,
        fp1_0.avatar_url,
        fp1_0.created_at,
        fp1_0.department_id,
        fp1_0.designation,
        fp1_0.experience_years,
        fp1_0.max_workload_hours,
        fp1_0.office,
        fp1_0.phone,
        fp1_0.research_area,
        fp1_0.updated_at,
        fp1_0.user_id 
    from
        faculty_profiles fp1_0
Hibernate: 
    select
        coalesce(sum(t1_0.weekly_hours), 0) 
    from
        task_assignments ta1_0 
    join
        tasks t1_0 
            on t1_0.id=ta1_0.task_id 
    where
        ta1_0.faculty_id=? 
        and ta1_0.status='ACTIVE'
Hibernate: 
    select
        ta1_0.id,
        ta1_0.assigned_at,
        ta1_0.closed_at,
        ta1_0.closed_reason,
        ta1_0.faculty_id,
        ta1_0.status,
        ta1_0.task_id 
    from
        task_assignments ta1_0 
    join
        faculty_profiles f1_0 
            on f1_0.id=ta1_0.faculty_id 
    where
        f1_0.id=? 
        and ta1_0.status=?
Hibernate: 
    select
        coalesce(sum(t1_0.weekly_hours), 0) 
    from
        task_assignments ta1_0 
    join
        tasks t1_0 
            on t1_0.id=ta1_0.task_id 
    where
        ta1_0.faculty_id=? 
        and ta1_0.status='ACTIVE'
Hibernate: 
    select
        ta1_0.id,
        ta1_0.assigned_at,
        ta1_0.closed_at,
        ta1_0.closed_reason,
        ta1_0.faculty_id,
        ta1_0.status,
        ta1_0.task_id 
    from
        task_assignments ta1_0 
    join
        faculty_profiles f1_0 
            on f1_0.id=ta1_0.faculty_id 
    where
        f1_0.id=? 
        and ta1_0.status=?
Hibernate: 
    select
        coalesce(sum(t1_0.weekly_hours), 0) 
    from
        task_assignments ta1_0 
    join
        tasks t1_0 
            on t1_0.id=ta1_0.task_id 
    where
        ta1_0.faculty_id=? 
        and ta1_0.status='ACTIVE'
Hibernate: 
    select
        ta1_0.id,
        ta1_0.assigned_at,
        ta1_0.closed_at,
        ta1_0.closed_reason,
        ta1_0.faculty_id,
        ta1_0.status,
        ta1_0.task_id 
    from
        task_assignments ta1_0 
    join
        faculty_profiles f1_0 
            on f1_0.id=ta1_0.faculty_id 
    where
        f1_0.id=? 
        and ta1_0.status=?
Hibernate: 
    select
        rs1_0.task_id,
        rs1_1.id,
        rs1_1.name 
    from
        task_required_skills rs1_0 
    join
        skills rs1_1 
            on rs1_1.id=rs1_0.skill_id 
    where
        rs1_0.task_id=?
Hibernate: 
    select
        coalesce(sum(t1_0.weekly_hours), 0) 
    from
        task_assignments ta1_0 
    join
        tasks t1_0 
            on t1_0.id=ta1_0.task_id 
    where
        ta1_0.faculty_id=? 
        and ta1_0.status='ACTIVE'
Hibernate: 
    select
        ta1_0.id,
        ta1_0.assigned_at,
        ta1_0.closed_at,
        ta1_0.closed_reason,
        ta1_0.faculty_id,
        ta1_0.status,
        ta1_0.task_id 
    from
        task_assignments ta1_0 
    join
        faculty_profiles f1_0 
            on f1_0.id=ta1_0.faculty_id 
    where
        f1_0.id=? 
        and ta1_0.status=?
Hibernate: 
    select
        coalesce(sum(t1_0.weekly_hours), 0) 
    from
        task_assignments ta1_0 
    join
        tasks t1_0 
            on t1_0.id=ta1_0.task_id 
    where
        ta1_0.faculty_id=? 
        and ta1_0.status='ACTIVE'
Hibernate: 
    select
        ta1_0.id,
        ta1_0.assigned_at,
        ta1_0.closed_at,
        ta1_0.closed_reason,
        ta1_0.faculty_id,
        ta1_0.status,
        ta1_0.task_id 
    from
        task_assignments ta1_0 
    join
        faculty_profiles f1_0 
            on f1_0.id=ta1_0.faculty_id 
    where
        f1_0.id=? 
        and ta1_0.status=?
Hibernate: 
    select
        coalesce(sum(t1_0.weekly_hours), 0) 
    from
        task_assignments ta1_0 
    join
        tasks t1_0 
            on t1_0.id=ta1_0.task_id 
    where
        ta1_0.faculty_id=? 
        and ta1_0.status='ACTIVE'
Hibernate: 
    select
        ta1_0.id,
        ta1_0.assigned_at,
        ta1_0.closed_at,
        ta1_0.closed_reason,
        ta1_0.faculty_id,
        ta1_0.status,
        ta1_0.task_id 
    from
        task_assignments ta1_0 
    join
        faculty_profiles f1_0 
            on f1_0.id=ta1_0.faculty_id 
    where
        f1_0.id=? 
        and ta1_0.status=?
Hibernate: 
    select
        coalesce(sum(t1_0.weekly_hours), 0) 
    from
        task_assignments ta1_0 
    join
        tasks t1_0 
            on t1_0.id=ta1_0.task_id 
    where
        ta1_0.faculty_id=? 
        and ta1_0.status='ACTIVE'
Hibernate: 
    select
        ta1_0.id,
        ta1_0.assigned_at,
        ta1_0.closed_at,
        ta1_0.closed_reason,
        ta1_0.faculty_id,
        ta1_0.status,
        ta1_0.task_id 
    from
        task_assignments ta1_0 
    join
        faculty_profiles f1_0 
            on f1_0.id=ta1_0.faculty_id 
    where
        f1_0.id=? 
        and ta1_0.status=?
Hibernate: 
    select
        ta1_0.id,
        ta1_0.assigned_at,
        ta1_0.closed_at,
        ta1_0.closed_reason,
        ta1_0.faculty_id,
        ta1_0.status,
        ta1_0.task_id 
    from
        task_assignments ta1_0 
    join
        tasks t1_0 
            on t1_0.id=ta1_0.task_id 
    where
        t1_0.id=? 
        and ta1_0.status=?
Hibernate: 
    select
        coalesce(sum(t1_0.weekly_hours), 0) 
    from
        task_assignments ta1_0 
    join
        tasks t1_0 
            on t1_0.id=ta1_0.task_id 
    where
        ta1_0.faculty_id=? 
        and ta1_0.status='ACTIVE'
Hibernate: 
    select
        ta1_0.id,
        ta1_0.assigned_at,
        ta1_0.closed_at,
        ta1_0.closed_reason,
        ta1_0.faculty_id,
        ta1_0.status,
        ta1_0.task_id 
    from
        task_assignments ta1_0 
    join
        faculty_profiles f1_0 
            on f1_0.id=ta1_0.faculty_id 
    where
        f1_0.id=? 
        and ta1_0.status=?
Hibernate: 
    select
        coalesce(sum(t1_0.weekly_hours), 0) 
    from
        task_assignments ta1_0 
    join
        tasks t1_0 
            on t1_0.id=ta1_0.task_id 
    where
        ta1_0.faculty_id=? 
        and ta1_0.status='ACTIVE'
Hibernate: 
    select
        ta1_0.id,
        ta1_0.assigned_at,
        ta1_0.closed_at,
        ta1_0.closed_reason,
        ta1_0.faculty_id,
        ta1_0.status,
        ta1_0.task_id 
    from
        task_assignments ta1_0 
    join
        faculty_profiles f1_0 
            on f1_0.id=ta1_0.faculty_id 
    where
        f1_0.id=? 
        and ta1_0.status=?
Hibernate: 
    select
        coalesce(sum(t1_0.weekly_hours), 0) 
    from
        task_assignments ta1_0 
    join
        tasks t1_0 
            on t1_0.id=ta1_0.task_id 
    where
        ta1_0.faculty_id=? 
        and ta1_0.status='ACTIVE'
Hibernate: 
    select
        ta1_0.id,
        ta1_0.assigned_at,
        ta1_0.closed_at,
        ta1_0.closed_reason,
        ta1_0.faculty_id,
        ta1_0.status,
        ta1_0.task_id 
    from
        task_assignments ta1_0 
    join
        faculty_profiles f1_0 
            on f1_0.id=ta1_0.faculty_id 
    where
        f1_0.id=? 
        and ta1_0.status=?
Hibernate: 
    select
        coalesce(sum(t1_0.weekly_hours), 0) 
    from
        task_assignments ta1_0 
    join
        tasks t1_0 
            on t1_0.id=ta1_0.task_id 
    where
        ta1_0.faculty_id=? 
        and ta1_0.status='ACTIVE'
Hibernate: 
    select
        coalesce(sum(t1_0.weekly_hours), 0) 
    from
        task_assignments ta1_0 
    join
        tasks t1_0 
            on t1_0.id=ta1_0.task_id 
    where
        ta1_0.faculty_id=? 
        and ta1_0.status='ACTIVE'
Hibernate: 
    select
        coalesce(sum(t1_0.weekly_hours), 0) 
    from
        task_assignments ta1_0 
    join
        tasks t1_0 
            on t1_0.id=ta1_0.task_id 
    where
        ta1_0.faculty_id=? 
        and ta1_0.status='ACTIVE'
Hibernate: 
    select
        coalesce(sum(t1_0.weekly_hours), 0) 
    from
        task_assignments ta1_0 
    join
        tasks t1_0 
            on t1_0.id=ta1_0.task_id 
    where
        ta1_0.faculty_id=? 
        and ta1_0.status='ACTIVE'
Hibernate: 
    insert 
    into
        recommendations
        (created_at, overloaded_faculty_id, reason, reviewed_at, status, id) 
    values
        (?, ?, ?, ?, ?, ?)
Hibernate: 
    insert 
    into
        recommendation_items
        (match_score, projected_source_hours, projected_target_hours, recommendation_id, status, target_faculty_id, task_id, id) 
    values
        (?, ?, ?, ?, ?, ?, ?, ?)
Hibernate: 
    insert 
    into
        audit_logs
        (action, created_at, details, entity_id, entity_type, performed_by, id) 
    values
        (?, ?, ?, ?, ?, ?, ?)
Hibernate: 
    insert 
    into
        recommendations
        (created_at, overloaded_faculty_id, reason, reviewed_at, status, id) 
    values
        (?, ?, ?, ?, ?, ?)
Hibernate: 
    insert 
    into
        recommendation_items
        (match_score, projected_source_hours, projected_target_hours, recommendation_id, status, target_faculty_id, task_id, id) 
    values
        (?, ?, ?, ?, ?, ?, ?, ?)
Hibernate: 
    insert 
    into
        audit_logs
        (action, created_at, details, entity_id, entity_type, performed_by, id) 
    values
        (?, ?, ?, ?, ?, ?, ?)
Hibernate: 
    update
        recommendations 
    set
        overloaded_faculty_id=?,
        reason=?,
        reviewed_at=?,
        status=? 
    where
        id=?
Hibernate: 
    update
        recommendation_items 
    set
        match_score=?,
        projected_source_hours=?,
        projected_target_hours=?,
        recommendation_id=?,
        status=?,
        target_faculty_id=?,
        task_id=? 
    where
        id=?
Hibernate: 
    select
        r1_0.id,
        r1_0.created_at,
        r1_0.overloaded_faculty_id,
        r1_0.reason,
        r1_0.reviewed_at,
        r1_0.status 
    from
        recommendations r1_0 
    where
        r1_0.status=?
]]></system-out>
  </testcase>
</testsuite>