<?xml version="1.0" encoding="UTF-8"?>
<testsuite xmlns:xsi="http://www.w3.org/2001/XMLSchema-instance" xsi:noNamespaceSchemaLocation="https://maven.apache.org/surefire/maven-surefire-plugin/xsd/surefire-test-report.xsd" version="3.0.2" name="com.faculynk.EntityAndRepositoryTests" time="18.723" tests="11" errors="0" skipped="0" failures="0">
  <properties>
[...]
</properties>
  <testcase name="testRebalanceRequestsQueries" classname="com.faculynk.EntityAndRepositoryTests" time="0.886">
    <system-out><![CDATA[01:17:30.138 [main] INFO org.springframework.test.context.support.AnnotationConfigContextLoaderUtils -- Could not detect default configuration classes for test class [com.faculynk.EntityAndRepositoryTests]: EntityAndRepositoryTests does not declare any static, non-private, non-final, nested classes annotated with @Configuration.
01:17:30.301 [main] INFO org.springframework.boot.test.context.SpringBootTestContextBootstrapper -- Found @SpringBootConfiguration com.faculynk.FaculynkApplication for test class com.faculynk.EntityAndRepositoryTests

  .   ____          _            __ _ _
 /\\ / ___'_ __ _ _(_)_ __  __ _ \ \ \ \
( ( )\___ | '_ | '_| | '_ \/ _` | \ \ \ \
 \\/  ___)| |_)| | | | | || (_| |  ) ) ) )
  '  |____| .__|_| |_|_| |_\__, | / / / /
 =========|_|==============|___/=/_/_/_/

 :: Spring Boot ::                (v3.4.3)

2026-08-13T01:17:31.349+05:30  INFO 9220 --- [faculynk-backend-test] [           main] com.faculynk.EntityAndRepositoryTests    : Starting EntityAndRepositoryTests using Java 26.0.2 with PID 9220 (started by kames in E:\Antigravity Projects\faculynkv3\backend)
2026-08-13T01:17:31.349+05:30 DEBUG 9220 --- [faculynk-backend-test] [           main] com.faculynk.EntityAndRepositoryTests    : Running with Spring Boot v3.4.3, Spring v6.2.3
2026-08-13T01:17:31.351+05:30  INFO 9220 --- [faculynk-backend-test] [           main] com.faculynk.EntityAndRepositoryTests    : The following 1 profile is active: "test"
2026-08-13T01:17:32.964+05:30  INFO 9220 --- [faculynk-backend-test] [           main] .s.d.r.c.RepositoryConfigurationDelegate : Bootstrapping Spring Data JPA repositories in DEFAULT mode.
2026-08-13T01:17:33.193+05:30  INFO 9220 --- [faculynk-backend-test] [           main] .s.d.r.c.RepositoryConfigurationDelegate : Finished Spring Data repository scanning in 192 ms. Found 12 JPA repository interfaces.
2026-08-13T01:17:35.314+05:30  INFO 9220 --- [faculynk-backend-test] [           main] com.zaxxer.hikari.HikariDataSource       : HikariPool-1 - Starting...
2026-08-13T01:17:35.862+05:30  INFO 9220 --- [faculynk-backend-test] [           main] com.zaxxer.hikari.pool.HikariPool        : HikariPool-1 - Added connection conn0: url=jdbc:h2:mem:faculynk_test user=SA
2026-08-13T01:17:35.862+05:30  INFO 9220 --- [faculynk-backend-test] [           main] com.zaxxer.hikari.HikariDataSource       : HikariPool-1 - Start completed.
2026-08-13T01:17:35.988+05:30  INFO 9220 --- [faculynk-backend-test] [           main] org.flywaydb.core.FlywayExecutor         : Database: jdbc:h2:mem:faculynk_test (H2 2.3)
2026-08-13T01:17:36.006+05:30  WARN 9220 --- [faculynk-backend-test] [           main] o.f.c.internal.database.base.Database    : Flyway upgrade recommended: H2 2.3.232 is newer than this version of Flyway and support has not been tested. The latest supported version of H2 is 2.2.224.
2026-08-13T01:17:36.097+05:30  INFO 9220 --- [faculynk-backend-test] [           main] o.f.c.i.s.JdbcTableSchemaHistory         : Schema history table "PUBLIC"."flyway_schema_history" does not exist yet
2026-08-13T01:17:36.103+05:30  INFO 9220 --- [faculynk-backend-test] [           main] o.f.core.internal.command.DbValidate     : Successfully validated 3 migrations (execution time 00:00.044s)
2026-08-13T01:17:36.125+05:30  INFO 9220 --- [faculynk-backend-test] [           main] o.f.c.i.s.JdbcTableSchemaHistory         : Creating Schema History table "PUBLIC"."flyway_schema_history" ...
2026-08-13T01:17:36.213+05:30  INFO 9220 --- [faculynk-backend-test] [           main] o.f.core.internal.command.DbMigrate      : Current version of schema "PUBLIC": << Empty Schema >>
2026-08-13T01:17:36.260+05:30  INFO 9220 --- [faculynk-backend-test] [           main] o.f.core.internal.command.DbMigrate      : Migrating schema "PUBLIC" to version "1 - init schema"
2026-08-13T01:17:36.416+05:30  INFO 9220 --- [faculynk-backend-test] [           main] o.f.core.internal.command.DbMigrate      : Migrating schema "PUBLIC" to version "2 - seed data"
2026-08-13T01:17:36.505+05:30  INFO 9220 --- [faculynk-backend-test] [           main] o.f.core.internal.command.DbMigrate      : Migrating schema "PUBLIC" to version "3 - active assignment constraint"
2026-08-13T01:17:36.577+05:30  INFO 9220 --- [faculynk-backend-test] [           main] o.f.core.internal.command.DbMigrate      : Successfully applied 3 migrations to schema "PUBLIC", now at version v3 (execution time 00:00.224s)
2026-08-13T01:17:36.954+05:30  INFO 9220 --- [faculynk-backend-test] [           main] o.hibernate.jpa.internal.util.LogHelper  : HHH000204: Processing PersistenceUnitInfo [name: default]
2026-08-13T01:17:37.151+05:30  INFO 9220 --- [faculynk-backend-test] [           main] org.hibernate.Version                    : HHH000412: Hibernate ORM core version 6.6.8.Final
2026-08-13T01:17:37.290+05:30  INFO 9220 --- [faculynk-backend-test] [           main] o.h.c.internal.RegionFactoryInitiator    : HHH000026: Second-level cache disabled
2026-08-13T01:17:38.105+05:30  INFO 9220 --- [faculynk-backend-test] [           main] o.s.o.j.p.SpringPersistenceUnitInfo      : No LoadTimeWeaver setup: ignoring JPA class transformer
2026-08-13T01:17:38.247+05:30  WARN 9220 --- [faculynk-backend-test] [           main] org.hibernate.dialect.Dialect            : HHH000511: The 2.3.232 version for [org.hibernate.dialect.MySQLDialect] is no longer supported, hence certain features may not work properly. The minimum supported version is 8.0.0. Check the community dialects project for available legacy versions.
2026-08-13T01:17:38.255+05:30  WARN 9220 --- [faculynk-backend-test] [           main] org.hibernate.orm.deprecation            : HHH90000025: MySQLDialect does not need to be specified explicitly using 'hibernate.dialect' (remove the property setting and it will be selected by default)
2026-08-13T01:17:38.285+05:30  INFO 9220 --- [faculynk-backend-test] [           main] org.hibernate.orm.connections.pooling    : HHH10001005: Database info:
	Database JDBC URL [Connecting through datasource 'HikariDataSource (HikariPool-1)']
	Database driver: undefined/unknown
	Database version: 2.3.232
	Autocommit mode: undefined/unknown
	Isolation level: undefined/unknown
	Minimum pool size: undefined/unknown
	Maximum pool size: undefined/unknown
2026-08-13T01:17:41.163+05:30  INFO 9220 --- [faculynk-backend-test] [           main] o.h.e.t.j.p.i.JtaPlatformInitiator       : HHH000489: No JTA platform available (set 'hibernate.transaction.jta.platform' to enable JTA platform integration)
2026-08-13T01:17:41.257+05:30  INFO 9220 --- [faculynk-backend-test] [           main] j.LocalContainerEntityManagerFactoryBean : Initialized JPA EntityManagerFactory for persistence unit 'default'
2026-08-13T01:17:42.301+05:30  INFO 9220 --- [faculynk-backend-test] [           main] o.s.d.j.r.query.QueryEnhancerFactory     : Hibernate is in classpath; If applicable, HQL parser will be used.
2026-08-13T01:17:45.618+05:30  INFO 9220 --- [faculynk-backend-test] [           main] r$InitializeUserDetailsManagerConfigurer : Global AuthenticationManager configured with UserDetailsService bean with name userDetailsServiceImpl
2026-08-13T01:17:47.297+05:30  INFO 9220 --- [faculynk-backend-test] [           main] com.faculynk.EntityAndRepositoryTests    : Started EntityAndRepositoryTests in 16.767 seconds (process running for 18.144)
Hibernate: 
    select
        count(*) 
    from
        rebalance_requests rr1_0
Hibernate: 
    select
        rr1_0.id,
        rr1_0.created_at,
        rr1_0.hod_note,
        rr1_0.reason,
        rr1_0.request_type,
        rr1_0.requester_faculty_id,
        rr1_0.reviewed_at,
        rr1_0.status,
        rr1_0.suggested_assignee_faculty_id,
        rr1_0.target_overloaded_faculty_id,
        rr1_0.task_id 
    from
        rebalance_requests rr1_0 
    where
        rr1_0.status=?
]]></system-out>
    <system-err><![CDATA[Mockito is currently self-attaching to enable the inline-mock-maker. This will no longer work in future releases of the JDK. Please add Mockito as an agent to your build what is described in Mockito's documentation: https://javadoc.io/doc/org.mockito/mockito-core/latest/org/mockito/Mockito.html#0.3
]]></system-err>
  </testcase>
  <testcase name="testUsersSeeded" classname="com.faculynk.EntityAndRepositoryTests" time="0.08">
    <system-out><![CDATA[Hibernate: 
    select
        count(*) 
    from
        users u1_0
Hibernate: 
    select
        u1_0.id,
        u1_0.account_status,
        u1_0.created_at,
        u1_0.email,
        u1_0.full_name,
        u1_0.institutional_id,
        u1_0.password_hash,
        u1_0.role_id,
        u1_0.updated_at 
    from
        users u1_0 
    where
        u1_0.institutional_id=?
Hibernate: 
    select
        fp1_0.id,
        fp1_0.avatar_url,
        fp1_0.created_at,
        fp1_0.department_id,
        fp1_0.designation,
        fp1_0.experience_years,
        fp1_0.max_workload_hours,
        fp1_0.office,
        fp1_0.phone,
        fp1_0.research_area,
        fp1_0.updated_at,
        fp1_0.user_id 
    from
        faculty_profiles fp1_0 
    where
        fp1_0.user_id=?
Hibernate: 
    select
        u1_0.id,
        u1_0.account_status,
        u1_0.created_at,
        u1_0.email,
        u1_0.full_name,
        u1_0.institutional_id,
        u1_0.password_hash,
        u1_0.role_id,
        u1_0.updated_at 
    from
        users u1_0 
    where
        u1_0.email=?
Hibernate: 
    select
        fp1_0.id,
        fp1_0.avatar_url,
        fp1_0.created_at,
        fp1_0.department_id,
        fp1_0.designation,
        fp1_0.experience_years,
        fp1_0.max_workload_hours,
        fp1_0.office,
        fp1_0.phone,
        fp1_0.research_area,
        fp1_0.updated_at,
        fp1_0.user_id 
    from
        faculty_profiles fp1_0 
    where
        fp1_0.user_id=?
]]></system-out>
  </testcase>
  <testcase name="testWorkloadAggregationQuery" classname="com.faculynk.EntityAndRepositoryTests" time="0.076">
    <system-out><![CDATA[Hibernate: 
    select
        fp1_0.id,
        fp1_0.avatar_url,
        fp1_0.created_at,
        fp1_0.department_id,
        fp1_0.designation,
        fp1_0.experience_years,
        fp1_0.max_workload_hours,
        fp1_0.office,
        fp1_0.phone,
        fp1_0.research_area,
        fp1_0.updated_at,
        fp1_0.user_id 
    from
        faculty_profiles fp1_0 
    join
        users u1_0 
            on u1_0.id=fp1_0.user_id 
    where
        u1_0.institutional_id=?
Hibernate: 
    select
        coalesce(sum(t1_0.weekly_hours), 0) 
    from
        task_assignments ta1_0 
    join
        tasks t1_0 
            on t1_0.id=ta1_0.task_id 
    where
        ta1_0.faculty_id=? 
        and ta1_0.status='ACTIVE'
Hibernate: 
    select
        fp1_0.id,
        fp1_0.avatar_url,
        fp1_0.created_at,
        fp1_0.department_id,
        fp1_0.designation,
        fp1_0.experience_years,
        fp1_0.max_workload_hours,
        fp1_0.office,
        fp1_0.phone,
        fp1_0.research_area,
        fp1_0.updated_at,
        fp1_0.user_id 
    from
        faculty_profiles fp1_0 
    join
        users u1_0 
            on u1_0.id=fp1_0.user_id 
    where
        u1_0.institutional_id=?
Hibernate: 
    select
        coalesce(sum(t1_0.weekly_hours), 0) 
    from
        task_assignments ta1_0 
    join
        tasks t1_0 
            on t1_0.id=ta1_0.task_id 
    where
        ta1_0.faculty_id=? 
        and ta1_0.status='ACTIVE'
Hibernate: 
    select
        fp1_0.id,
        fp1_0.avatar_url,
        fp1_0.created_at,
        fp1_0.department_id,
        fp1_0.designation,
        fp1_0.experience_years,
        fp1_0.max_workload_hours,
        fp1_0.office,
        fp1_0.phone,
        fp1_0.research_area,
        fp1_0.updated_at,
        fp1_0.user_id 
    from
        faculty_profiles fp1_0 
    join
        users u1_0 
            on u1_0.id=fp1_0.user_id 
    where
        u1_0.institutional_id=?
Hibernate: 
    select
        coalesce(sum(t1_0.weekly_hours), 0) 
    from
        task_assignments ta1_0 
    join
        tasks t1_0 
            on t1_0.id=ta1_0.task_id 
    where
        ta1_0.faculty_id=? 
        and ta1_0.status='ACTIVE'
Hibernate: 
    select
        fp1_0.id,
        fp1_0.avatar_url,
        fp1_0.created_at,
        fp1_0.department_id,
        fp1_0.designation,
        fp1_0.experience_years,
        fp1_0.max_workload_hours,
        fp1_0.office,
        fp1_0.phone,
        fp1_0.research_area,
        fp1_0.updated_at,
        fp1_0.user_id 
    from
        faculty_profiles fp1_0 
    join
        users u1_0 
            on u1_0.id=fp1_0.user_id 
    where
        u1_0.institutional_id=?
Hibernate: 
    select
        coalesce(sum(t1_0.weekly_hours), 0) 
    from
        task_assignments ta1_0 
    join
        tasks t1_0 
            on t1_0.id=ta1_0.task_id 
    where
        ta1_0.faculty_id=? 
        and ta1_0.status='ACTIVE'
]]></system-out>
  </testcase>
  <testcase name="testSkillsSeeded" classname="com.faculynk.EntityAndRepositoryTests" time="0.02">
    <system-out><![CDATA[Hibernate: 
    select
        count(*) 
    from
        skills s1_0
Hibernate: 
    select
        s1_0.id,
        s1_0.name 
    from
        skills s1_0 
    where
        s1_0.name=?
]]></system-out>
  </testcase>
  <testcase name="testAssignmentsAndUnassignedTasks" classname="com.faculynk.EntityAndRepositoryTests" time="0.047">
    <system-out><![CDATA[Hibernate: 
    select
        count(*) 
    from
        tasks t1_0
Hibernate: 
    select
        d1_0.id,
        d1_0.code,
        d1_0.created_at,
        d1_0.name 
    from
        departments d1_0 
    where
        d1_0.code=?
Hibernate: 
    select
        ta1_0.id,
        ta1_0.assigned_at,
        ta1_0.closed_at,
        ta1_0.closed_reason,
        ta1_0.faculty_id,
        ta1_0.status,
        ta1_0.task_id 
    from
        task_assignments ta1_0 
    join
        faculty_profiles f1_0 
            on f1_0.id=ta1_0.faculty_id 
    join
        departments d1_0 
            on d1_0.id=f1_0.department_id 
    where
        d1_0.id=? 
        and ta1_0.status=?
Hibernate: 
    select
        t1_0.id,
        t1_0.active,
        t1_0.code,
        t1_0.created_at,
        t1_0.deadline,
        t1_0.department_id,
        t1_0.description,
        t1_0.priority,
        t1_0.semester,
        t1_0.title,
        t1_0.type,
        t1_0.weekly_hours 
    from
        tasks t1_0 
    where
        t1_0.id not in (select
            ta1_0.task_id 
        from
            task_assignments ta1_0 
        where
            ta1_0.status='ACTIVE')
]]></system-out>
  </testcase>
  <testcase name="testRolesSeeded" classname="com.faculynk.EntityAndRepositoryTests" time="0.028">
    <system-out><![CDATA[Hibernate: 
    select
        count(*) 
    from
        roles r1_0
Hibernate: 
    select
        count(*) 
    from
        roles r1_0 
    where
        r1_0.id=?
Hibernate: 
    select
        count(*) 
    from
        roles r1_0 
    where
        r1_0.id=?
]]></system-out>
  </testcase>
  <testcase name="testTaskTypes" classname="com.faculynk.EntityAndRepositoryTests" time="0.032">
    <system-out><![CDATA[Hibernate: 
    select
        t1_0.id,
        t1_0.active,
        t1_0.code,
        t1_0.created_at,
        t1_0.deadline,
        t1_0.department_id,
        t1_0.description,
        t1_0.priority,
        t1_0.semester,
        t1_0.title,
        t1_0.type,
        t1_0.weekly_hours 
    from
        tasks t1_0 
    where
        t1_0.type=?
Hibernate: 
    select
        t1_0.id,
        t1_0.active,
        t1_0.code,
        t1_0.created_at,
        t1_0.deadline,
        t1_0.department_id,
        t1_0.description,
        t1_0.priority,
        t1_0.semester,
        t1_0.title,
        t1_0.type,
        t1_0.weekly_hours 
    from
        tasks t1_0 
    where
        t1_0.type=?
]]></system-out>
  </testcase>
  <testcase name="testRegistrationRequests" classname="com.faculynk.EntityAndRepositoryTests" time="0.027">
    <system-out><![CDATA[Hibernate: 
    select
        count(*) 
    from
        faculty_registration_requests frr1_0
Hibernate: 
    select
        frr1_0.id,
        frr1_0.availability,
        frr1_0.department_name,
        frr1_0.designation,
        frr1_0.email,
        frr1_0.full_name,
        frr1_0.hod_note,
        frr1_0.institutional_id,
        frr1_0.phone,
        frr1_0.reviewed_at,
        frr1_0.skills_json,
        frr1_0.status,
        frr1_0.submitted_at 
    from
        faculty_registration_requests frr1_0 
    where
        frr1_0.status=?
]]></system-out>
  </testcase>
  <testcase name="testRecommendationsQueries" classname="com.faculynk.EntityAndRepositoryTests" time="0.021">
    <system-out><![CDATA[Hibernate: 
    select
        count(*) 
    from
        recommendations r1_0
Hibernate: 
    select
        count(*) 
    from
        recommendation_items ri1_0
Hibernate: 
    select
        r1_0.id,
        r1_0.created_at,
        r1_0.overloaded_faculty_id,
        r1_0.reason,
        r1_0.reviewed_at,
        r1_0.status 
    from
        recommendations r1_0 
    where
        r1_0.status=?
]]></system-out>
  </testcase>
  <testcase name="testFacultyProfilesSeeded" classname="com.faculynk.EntityAndRepositoryTests" time="0.042">
    <system-out><![CDATA[Hibernate: 
    select
        count(*) 
    from
        faculty_profiles fp1_0
Hibernate: 
    select
        fp1_0.id,
        fp1_0.avatar_url,
        fp1_0.created_at,
        fp1_0.department_id,
        fp1_0.designation,
        fp1_0.experience_years,
        fp1_0.max_workload_hours,
        fp1_0.office,
        fp1_0.phone,
        fp1_0.research_area,
        fp1_0.updated_at,
        fp1_0.user_id 
    from
        faculty_profiles fp1_0 
    join
        users u1_0 
            on u1_0.id=fp1_0.user_id 
    where
        u1_0.institutional_id=?
Hibernate: 
    select
        s1_0.faculty_id,
        s1_1.id,
        s1_1.name 
    from
        faculty_skills s1_0 
    join
        skills s1_1 
            on s1_1.id=s1_0.skill_id 
    where
        s1_0.faculty_id=?
Hibernate: 
    select
        i1_0.faculty_id,
        i1_0.interest 
    from
        faculty_interests i1_0 
    where
        i1_0.faculty_id=?
]]></system-out>
  </testcase>
  <testcase name="testDepartmentsSeeded" classname="com.faculynk.EntityAndRepositoryTests" time="0.018">
    <system-out><![CDATA[Hibernate: 
    select
        count(*) 
    from
        departments d1_0
Hibernate: 
    select
        d1_0.id,
        d1_0.code,
        d1_0.created_at,
        d1_0.name 
    from
        departments d1_0 
    where
        d1_0.code=?
]]></system-out>
  </testcase>
</testsuite>